2025-06-20 12:55:12.484 - RealTimeSTT: realtimestt - INFO - Starting RealTimeSTT
2025-06-20 12:55:12.516 - RealTimeSTT: realtimestt - INFO - Initializing audio recording (creating pyAudio input stream, sample rate: 16000 buffer size: 512
2025-06-20 12:55:12.516 - RealTimeSTT: realtimestt - DEBUG - Starting audio data worker with target_sample_rate=16000, buffer_size=512, input_device_index=11
2025-06-20 12:55:12.517 - RealTimeSTT: realtimestt - DEBUG - Creating PyAudio interface...
2025-06-20 12:55:12.516 - RealTimeSTT: realtimestt - INFO - Initializing WebRTC voice with Sensitivity 3
2025-06-20 12:55:12.518 - RealTimeSTT: realtimestt - DEBUG - WebRTC VAD voice activity detection engine initialized successfully
2025-06-20 12:55:12.736 - RealTimeSTT: realtimestt - DEBUG - Retrieving highest sample rate for device index 11: {'index': 11, 'structVersion': 2, 'name': 'pulse', 'hostApi': 0, 'maxInputChannels': 32, 'maxOutputChannels': 32, 'defaultLowInputLatency': 0.008684807256235827, 'defaultLowOutputLatency': 0.008684807256235827, 'defaultHighInputLatency': 0.034807256235827665, 'defaultHighOutputLatency': 0.034807256235827665, 'defaultSampleRate': 44100.0}
2025-06-20 12:55:12.737 - RealTimeSTT: realtimestt - DEBUG - Highest supported sample rate for device index 11 is 44100
2025-06-20 12:55:12.737 - RealTimeSTT: realtimestt - DEBUG - Sample rates to try for device 11: [16000, 44100]
2025-06-20 12:55:12.737 - RealTimeSTT: realtimestt - DEBUG - Attempting to initialize audio stream at 16000 Hz.
2025-06-20 12:55:12.737 - RealTimeSTT: realtimestt - DEBUG - Found 12 total audio devices on the system.
2025-06-20 12:55:12.737 - RealTimeSTT: realtimestt - DEBUG - Available input devices with input channels: [4, 9, 11]
2025-06-20 12:55:12.737 - RealTimeSTT: realtimestt - DEBUG - Validating device index 11 with info: {'index': 11, 'structVersion': 2, 'name': 'pulse', 'hostApi': 0, 'maxInputChannels': 32, 'maxOutputChannels': 32, 'defaultLowInputLatency': 0.008684807256235827, 'defaultLowOutputLatency': 0.008684807256235827, 'defaultHighInputLatency': 0.034807256235827665, 'defaultHighOutputLatency': 0.034807256235827665, 'defaultSampleRate': 44100.0}
2025-06-20 12:55:12.880 - RealTimeSTT: realtimestt - DEBUG - Device index 11 successfully validated.
2025-06-20 12:55:12.880 - RealTimeSTT: realtimestt - DEBUG - Opening stream with device index 11, sample_rate=16000, chunk_size=1024
2025-06-20 12:55:12.970 - RealTimeSTT: realtimestt - DEBUG - Silero VAD voice activity detection engine initialized successfully
2025-06-20 12:55:12.968 - RealTimeSTT: realtimestt - INFO - Microphone connected and validated (device index: 11, sample rate: 16000, chunk size: 1024)
2025-06-20 12:55:13.055 - RealTimeSTT: realtimestt - DEBUG - Audio recording initialized successfully at 16000 Hz, reading 1024 frames at a time
2025-06-20 12:55:13.055 - RealTimeSTT: realtimestt - DEBUG - Starting realtime worker
2025-06-20 12:55:13.056 - RealTimeSTT: realtimestt - DEBUG - Waiting for main transcription model to start
2025-06-20 12:55:13.290 - RealTimeSTT: realtimestt - DEBUG - Main transcription model ready
2025-06-20 12:55:13.291 - RealTimeSTT: realtimestt - DEBUG - RealtimeSTT initialization completed successfully
2025-06-20 12:55:14.096 - RealTimeSTT: realtimestt - DEBUG - _audio_data_worker writing audio data into queue.
2025-06-20 12:55:15.120 - RealTimeSTT: realtimestt - DEBUG - _audio_data_worker writing audio data into queue.
2025-06-20 12:55:16.144 - RealTimeSTT: realtimestt - DEBUG - _audio_data_worker writing audio data into queue.
2025-06-20 12:55:17.168 - RealTimeSTT: realtimestt - DEBUG - _audio_data_worker writing audio data into queue.
2025-06-20 12:55:18.193 - RealTimeSTT: realtimestt - DEBUG - _audio_data_worker writing audio data into queue.
2025-06-20 12:55:19.216 - RealTimeSTT: realtimestt - DEBUG - _audio_data_worker writing audio data into queue.
2025-06-20 12:55:20.240 - RealTimeSTT: realtimestt - DEBUG - _audio_data_worker writing audio data into queue.
2025-06-20 12:55:21.264 - RealTimeSTT: realtimestt - DEBUG - _audio_data_worker writing audio data into queue.
2025-06-20 12:55:22.288 - RealTimeSTT: realtimestt - DEBUG - _audio_data_worker writing audio data into queue.
2025-06-20 12:55:23.312 - RealTimeSTT: realtimestt - DEBUG - _audio_data_worker writing audio data into queue.
2025-06-20 12:55:24.336 - RealTimeSTT: realtimestt - DEBUG - _audio_data_worker writing audio data into queue.
2025-06-20 12:55:24.351 - RealTimeSTT: realtimestt - INFO - recording started
2025-06-20 12:55:24.351 - RealTimeSTT: realtimestt - INFO - State changed from 'inactive' to 'recording'
2025-06-20 12:55:25.360 - RealTimeSTT: realtimestt - DEBUG - _audio_data_worker writing audio data into queue.
2025-06-20 12:55:25.591 - RealTimeSTT: realtimestt - INFO - recording stopped
2025-06-20 12:55:25.592 - RealTimeSTT: realtimestt - INFO - Setting listen time
2025-06-20 12:55:25.592 - RealTimeSTT: realtimestt - DEBUG - No samples removed, final audio length: 19456
2025-06-20 12:55:25.592 - RealTimeSTT: realtimestt - INFO - State changed from 'recording' to 'inactive'
2025-06-20 12:55:25.657 - RealTimeSTT: realtimestt - INFO - State changed from 'inactive' to 'transcribing'
2025-06-20 12:55:25.659 - RealTimeSTT: realtimestt - DEBUG - Adding transcription request, no early transcription started
2025-06-20 12:55:25.660 - RealTimeSTT: realtimestt - DEBUG - Receive from parent_transcription_pipe after sendiung transcription request, transcribe_count: 1
2025-06-20 12:55:25.695 - RealTimeSTT: realtimestt - INFO - State changed from 'transcribing' to 'inactive'
2025-06-20 12:55:25.739 - RealTimeSTT: realtimestt - DEBUG - Model tiny completed transcription in 0.08 seconds
2025-06-20 12:55:26.384 - RealTimeSTT: realtimestt - DEBUG - _audio_data_worker writing audio data into queue.
2025-06-20 12:55:27.408 - RealTimeSTT: realtimestt - DEBUG - _audio_data_worker writing audio data into queue.
2025-06-20 12:55:28.432 - RealTimeSTT: realtimestt - DEBUG - _audio_data_worker writing audio data into queue.
2025-06-20 12:55:29.456 - RealTimeSTT: realtimestt - DEBUG - _audio_data_worker writing audio data into queue.
2025-06-20 12:55:30.482 - RealTimeSTT: realtimestt - DEBUG - _audio_data_worker writing audio data into queue.
2025-06-20 12:55:31.506 - RealTimeSTT: realtimestt - DEBUG - _audio_data_worker writing audio data into queue.
2025-06-20 12:55:32.529 - RealTimeSTT: realtimestt - DEBUG - _audio_data_worker writing audio data into queue.
2025-06-20 12:55:33.553 - RealTimeSTT: realtimestt - DEBUG - _audio_data_worker writing audio data into queue.
2025-06-20 12:55:34.577 - RealTimeSTT: realtimestt - DEBUG - _audio_data_worker writing audio data into queue.
2025-06-20 12:55:35.600 - RealTimeSTT: realtimestt - DEBUG - _audio_data_worker writing audio data into queue.
2025-06-20 12:55:36.624 - RealTimeSTT: realtimestt - DEBUG - _audio_data_worker writing audio data into queue.
2025-06-20 12:55:37.648 - RealTimeSTT: realtimestt - DEBUG - _audio_data_worker writing audio data into queue.
2025-06-20 12:55:38.672 - RealTimeSTT: realtimestt - DEBUG - _audio_data_worker writing audio data into queue.
2025-06-20 12:55:39.696 - RealTimeSTT: realtimestt - DEBUG - _audio_data_worker writing audio data into queue.
2025-06-20 12:55:40.720 - RealTimeSTT: realtimestt - DEBUG - _audio_data_worker writing audio data into queue.
2025-06-20 12:55:41.744 - RealTimeSTT: realtimestt - DEBUG - _audio_data_worker writing audio data into queue.
2025-06-20 12:55:42.768 - RealTimeSTT: realtimestt - DEBUG - _audio_data_worker writing audio data into queue.
2025-06-20 12:55:43.792 - RealTimeSTT: realtimestt - DEBUG - _audio_data_worker writing audio data into queue.
2025-06-20 12:55:44.816 - RealTimeSTT: realtimestt - DEBUG - _audio_data_worker writing audio data into queue.
2025-06-20 12:55:45.840 - RealTimeSTT: realtimestt - DEBUG - _audio_data_worker writing audio data into queue.
2025-06-20 12:55:46.864 - RealTimeSTT: realtimestt - DEBUG - _audio_data_worker writing audio data into queue.
2025-06-20 12:55:46.895 - RealTimeSTT: realtimestt - INFO - recording started
2025-06-20 12:55:46.895 - RealTimeSTT: realtimestt - INFO - State changed from 'inactive' to 'recording'
2025-06-20 12:55:47.888 - RealTimeSTT: realtimestt - DEBUG - _audio_data_worker writing audio data into queue.
2025-06-20 12:55:48.912 - RealTimeSTT: realtimestt - DEBUG - _audio_data_worker writing audio data into queue.
2025-06-20 12:55:49.150 - RealTimeSTT: realtimestt - INFO - recording stopped
2025-06-20 12:55:49.151 - RealTimeSTT: realtimestt - INFO - Setting listen time
2025-06-20 12:55:49.151 - RealTimeSTT: realtimestt - DEBUG - No samples removed, final audio length: 35840
2025-06-20 12:55:49.151 - RealTimeSTT: realtimestt - INFO - State changed from 'recording' to 'inactive'
2025-06-20 12:55:49.182 - RealTimeSTT: realtimestt - INFO - State changed from 'inactive' to 'transcribing'
2025-06-20 12:55:49.183 - RealTimeSTT: realtimestt - DEBUG - Adding transcription request, no early transcription started
2025-06-20 12:55:49.183 - RealTimeSTT: realtimestt - DEBUG - Receive from parent_transcription_pipe after sendiung transcription request, transcribe_count: 1
2025-06-20 12:55:49.231 - RealTimeSTT: realtimestt - INFO - State changed from 'transcribing' to 'inactive'
2025-06-20 12:55:49.233 - RealTimeSTT: realtimestt - DEBUG - Model tiny completed transcription in 0.05 seconds
2025-06-20 12:55:49.936 - RealTimeSTT: realtimestt - DEBUG - _audio_data_worker writing audio data into queue.
2025-06-20 12:55:50.960 - RealTimeSTT: realtimestt - DEBUG - _audio_data_worker writing audio data into queue.
2025-06-20 12:55:51.984 - RealTimeSTT: realtimestt - DEBUG - _audio_data_worker writing audio data into queue.
2025-06-20 12:55:53.008 - RealTimeSTT: realtimestt - DEBUG - _audio_data_worker writing audio data into queue.
2025-06-20 12:55:54.032 - RealTimeSTT: realtimestt - DEBUG - _audio_data_worker writing audio data into queue.
2025-06-20 12:55:55.056 - RealTimeSTT: realtimestt - DEBUG - _audio_data_worker writing audio data into queue.
2025-06-20 12:55:56.081 - RealTimeSTT: realtimestt - DEBUG - _audio_data_worker writing audio data into queue.
2025-06-20 12:55:57.105 - RealTimeSTT: realtimestt - DEBUG - _audio_data_worker writing audio data into queue.
2025-06-20 12:55:58.129 - RealTimeSTT: realtimestt - DEBUG - _audio_data_worker writing audio data into queue.
2025-06-20 12:55:59.152 - RealTimeSTT: realtimestt - DEBUG - _audio_data_worker writing audio data into queue.
2025-06-20 12:56:00.176 - RealTimeSTT: realtimestt - DEBUG - _audio_data_worker writing audio data into queue.
2025-06-20 12:56:01.200 - RealTimeSTT: realtimestt - DEBUG - _audio_data_worker writing audio data into queue.
2025-06-20 12:56:02.224 - RealTimeSTT: realtimestt - DEBUG - _audio_data_worker writing audio data into queue.
2025-06-20 12:56:03.248 - RealTimeSTT: realtimestt - DEBUG - _audio_data_worker writing audio data into queue.
2025-06-20 12:56:04.272 - RealTimeSTT: realtimestt - DEBUG - _audio_data_worker writing audio data into queue.
2025-06-20 12:56:05.296 - RealTimeSTT: realtimestt - DEBUG - _audio_data_worker writing audio data into queue.
2025-06-20 12:56:06.320 - RealTimeSTT: realtimestt - DEBUG - _audio_data_worker writing audio data into queue.
2025-06-20 12:56:07.344 - RealTimeSTT: realtimestt - DEBUG - _audio_data_worker writing audio data into queue.
2025-06-20 12:56:08.368 - RealTimeSTT: realtimestt - DEBUG - _audio_data_worker writing audio data into queue.
2025-06-20 12:56:09.392 - RealTimeSTT: realtimestt - DEBUG - _audio_data_worker writing audio data into queue.
2025-06-20 12:56:10.416 - RealTimeSTT: realtimestt - DEBUG - _audio_data_worker writing audio data into queue.
2025-06-20 12:56:11.440 - RealTimeSTT: realtimestt - DEBUG - _audio_data_worker writing audio data into queue.
2025-06-20 12:56:12.464 - RealTimeSTT: realtimestt - DEBUG - _audio_data_worker writing audio data into queue.
2025-06-20 12:56:13.488 - RealTimeSTT: realtimestt - DEBUG - _audio_data_worker writing audio data into queue.
2025-06-20 12:56:14.512 - RealTimeSTT: realtimestt - DEBUG - _audio_data_worker writing audio data into queue.
2025-06-20 12:56:15.536 - RealTimeSTT: realtimestt - DEBUG - _audio_data_worker writing audio data into queue.
2025-06-20 12:56:16.560 - RealTimeSTT: realtimestt - DEBUG - _audio_data_worker writing audio data into queue.
2025-06-20 12:56:17.584 - RealTimeSTT: realtimestt - DEBUG - _audio_data_worker writing audio data into queue.
2025-06-20 12:56:18.608 - RealTimeSTT: realtimestt - DEBUG - _audio_data_worker writing audio data into queue.
2025-06-20 12:56:19.632 - RealTimeSTT: realtimestt - DEBUG - _audio_data_worker writing audio data into queue.
2025-06-20 12:56:20.656 - RealTimeSTT: realtimestt - DEBUG - _audio_data_worker writing audio data into queue.
2025-06-20 12:56:21.680 - RealTimeSTT: realtimestt - DEBUG - _audio_data_worker writing audio data into queue.
2025-06-20 12:56:22.704 - RealTimeSTT: realtimestt - DEBUG - _audio_data_worker writing audio data into queue.
2025-06-20 12:56:23.729 - RealTimeSTT: realtimestt - DEBUG - _audio_data_worker writing audio data into queue.
2025-06-20 12:56:24.752 - RealTimeSTT: realtimestt - DEBUG - _audio_data_worker writing audio data into queue.
2025-06-20 12:56:25.776 - RealTimeSTT: realtimestt - DEBUG - _audio_data_worker writing audio data into queue.
2025-06-20 12:56:26.800 - RealTimeSTT: realtimestt - DEBUG - _audio_data_worker writing audio data into queue.
2025-06-20 12:56:27.824 - RealTimeSTT: realtimestt - DEBUG - _audio_data_worker writing audio data into queue.
2025-06-20 12:56:28.848 - RealTimeSTT: realtimestt - DEBUG - _audio_data_worker writing audio data into queue.
2025-06-20 12:56:29.872 - RealTimeSTT: realtimestt - DEBUG - _audio_data_worker writing audio data into queue.
2025-06-20 12:56:30.896 - RealTimeSTT: realtimestt - DEBUG - _audio_data_worker writing audio data into queue.
2025-06-20 12:56:31.920 - RealTimeSTT: realtimestt - DEBUG - _audio_data_worker writing audio data into queue.
2025-06-20 12:56:32.944 - RealTimeSTT: realtimestt - DEBUG - _audio_data_worker writing audio data into queue.
2025-06-20 12:56:33.968 - RealTimeSTT: realtimestt - DEBUG - _audio_data_worker writing audio data into queue.
2025-06-20 12:56:34.992 - RealTimeSTT: realtimestt - DEBUG - _audio_data_worker writing audio data into queue.
2025-06-20 12:56:36.016 - RealTimeSTT: realtimestt - DEBUG - _audio_data_worker writing audio data into queue.
2025-06-20 12:56:37.040 - RealTimeSTT: realtimestt - DEBUG - _audio_data_worker writing audio data into queue.
2025-06-20 12:56:38.064 - RealTimeSTT: realtimestt - DEBUG - _audio_data_worker writing audio data into queue.
2025-06-20 12:56:39.088 - RealTimeSTT: realtimestt - DEBUG - _audio_data_worker writing audio data into queue.
2025-06-20 12:56:40.112 - RealTimeSTT: realtimestt - DEBUG - _audio_data_worker writing audio data into queue.
2025-06-20 12:56:41.136 - RealTimeSTT: realtimestt - DEBUG - _audio_data_worker writing audio data into queue.
2025-06-20 12:56:42.160 - RealTimeSTT: realtimestt - DEBUG - _audio_data_worker writing audio data into queue.
2025-06-20 12:56:43.184 - RealTimeSTT: realtimestt - DEBUG - _audio_data_worker writing audio data into queue.
2025-06-20 12:56:44.208 - RealTimeSTT: realtimestt - DEBUG - _audio_data_worker writing audio data into queue.
2025-06-20 12:56:45.232 - RealTimeSTT: realtimestt - DEBUG - _audio_data_worker writing audio data into queue.
2025-06-20 12:56:46.256 - RealTimeSTT: realtimestt - DEBUG - _audio_data_worker writing audio data into queue.
2025-06-20 12:56:47.280 - RealTimeSTT: realtimestt - DEBUG - _audio_data_worker writing audio data into queue.
2025-06-20 12:56:48.304 - RealTimeSTT: realtimestt - DEBUG - _audio_data_worker writing audio data into queue.
2025-06-20 12:56:48.420 - RealTimeSTT: realtimestt - INFO - Starting RealTimeSTT
2025-06-20 12:56:48.450 - RealTimeSTT: realtimestt - INFO - Initializing audio recording (creating pyAudio input stream, sample rate: 16000 buffer size: 512
2025-06-20 12:56:48.451 - RealTimeSTT: realtimestt - DEBUG - Starting audio data worker with target_sample_rate=16000, buffer_size=512, input_device_index=11
2025-06-20 12:56:48.451 - RealTimeSTT: realtimestt - DEBUG - Creating PyAudio interface...
2025-06-20 12:56:48.451 - RealTimeSTT: realtimestt - INFO - Initializing WebRTC voice with Sensitivity 3
2025-06-20 12:56:48.451 - RealTimeSTT: realtimestt - DEBUG - WebRTC VAD voice activity detection engine initialized successfully
2025-06-20 12:56:48.657 - RealTimeSTT: realtimestt - DEBUG - Retrieving highest sample rate for device index 11: {'index': 11, 'structVersion': 2, 'name': 'pulse', 'hostApi': 0, 'maxInputChannels': 32, 'maxOutputChannels': 32, 'defaultLowInputLatency': 0.008684807256235827, 'defaultLowOutputLatency': 0.008684807256235827, 'defaultHighInputLatency': 0.034807256235827665, 'defaultHighOutputLatency': 0.034807256235827665, 'defaultSampleRate': 44100.0}
2025-06-20 12:56:48.657 - RealTimeSTT: realtimestt - DEBUG - Highest supported sample rate for device index 11 is 44100
2025-06-20 12:56:48.657 - RealTimeSTT: realtimestt - DEBUG - Sample rates to try for device 11: [16000, 44100]
2025-06-20 12:56:48.657 - RealTimeSTT: realtimestt - DEBUG - Attempting to initialize audio stream at 16000 Hz.
2025-06-20 12:56:48.657 - RealTimeSTT: realtimestt - DEBUG - Found 12 total audio devices on the system.
2025-06-20 12:56:48.657 - RealTimeSTT: realtimestt - DEBUG - Available input devices with input channels: [4, 9, 11]
2025-06-20 12:56:48.657 - RealTimeSTT: realtimestt - DEBUG - Validating device index 11 with info: {'index': 11, 'structVersion': 2, 'name': 'pulse', 'hostApi': 0, 'maxInputChannels': 32, 'maxOutputChannels': 32, 'defaultLowInputLatency': 0.008684807256235827, 'defaultLowOutputLatency': 0.008684807256235827, 'defaultHighInputLatency': 0.034807256235827665, 'defaultHighOutputLatency': 0.034807256235827665, 'defaultSampleRate': 44100.0}
2025-06-20 12:56:48.783 - RealTimeSTT: realtimestt - DEBUG - Device index 11 successfully validated.
2025-06-20 12:56:48.783 - RealTimeSTT: realtimestt - DEBUG - Opening stream with device index 11, sample_rate=16000, chunk_size=1024
2025-06-20 12:56:48.859 - RealTimeSTT: realtimestt - INFO - Microphone connected and validated (device index: 11, sample rate: 16000, chunk size: 1024)
2025-06-20 12:56:48.859 - RealTimeSTT: realtimestt - DEBUG - Audio recording initialized successfully at 16000 Hz, reading 1024 frames at a time
2025-06-20 12:56:48.862 - RealTimeSTT: realtimestt - DEBUG - Silero VAD voice activity detection engine initialized successfully
2025-06-20 12:56:48.862 - RealTimeSTT: realtimestt - DEBUG - Starting realtime worker
2025-06-20 12:56:48.862 - RealTimeSTT: realtimestt - DEBUG - Waiting for main transcription model to start
2025-06-20 12:56:49.328 - RealTimeSTT: realtimestt - DEBUG - _audio_data_worker writing audio data into queue.
2025-06-20 12:56:49.788 - RealTimeSTT: realtimestt - DEBUG - Main transcription model ready
2025-06-20 12:56:49.789 - RealTimeSTT: realtimestt - DEBUG - RealtimeSTT initialization completed successfully
2025-06-20 12:56:49.931 - RealTimeSTT: realtimestt - DEBUG - _audio_data_worker writing audio data into queue.
2025-06-20 12:56:50.352 - RealTimeSTT: realtimestt - DEBUG - _audio_data_worker writing audio data into queue.
2025-06-20 12:56:50.955 - RealTimeSTT: realtimestt - DEBUG - _audio_data_worker writing audio data into queue.
2025-06-20 12:56:51.376 - RealTimeSTT: realtimestt - DEBUG - _audio_data_worker writing audio data into queue.
2025-06-20 12:56:51.979 - RealTimeSTT: realtimestt - DEBUG - _audio_data_worker writing audio data into queue.
2025-06-20 12:56:52.400 - RealTimeSTT: realtimestt - DEBUG - _audio_data_worker writing audio data into queue.
2025-06-20 12:56:53.003 - RealTimeSTT: realtimestt - DEBUG - _audio_data_worker writing audio data into queue.
2025-06-20 12:56:53.424 - RealTimeSTT: realtimestt - DEBUG - _audio_data_worker writing audio data into queue.
2025-06-20 12:56:53.703 - RealTimeSTT: realtimestt - INFO - recording started
2025-06-20 12:56:53.703 - RealTimeSTT: realtimestt - INFO - recording started
2025-06-20 12:56:53.703 - RealTimeSTT: realtimestt - INFO - State changed from 'inactive' to 'recording'
2025-06-20 12:56:53.703 - RealTimeSTT: realtimestt - INFO - State changed from 'inactive' to 'recording'
2025-06-20 12:56:54.027 - RealTimeSTT: realtimestt - DEBUG - _audio_data_worker writing audio data into queue.
2025-06-20 12:56:54.438 - RealTimeSTT: realtimestt - INFO - recording stopped
2025-06-20 12:56:54.438 - RealTimeSTT: realtimestt - INFO - recording stopped
2025-06-20 12:56:54.439 - RealTimeSTT: realtimestt - INFO - Setting listen time
2025-06-20 12:56:54.439 - RealTimeSTT: realtimestt - INFO - Setting listen time
2025-06-20 12:56:54.439 - RealTimeSTT: realtimestt - DEBUG - No samples removed, final audio length: 11264
2025-06-20 12:56:54.439 - RealTimeSTT: realtimestt - DEBUG - No samples removed, final audio length: 12288
2025-06-20 12:56:54.439 - RealTimeSTT: realtimestt - INFO - State changed from 'recording' to 'inactive'
2025-06-20 12:56:54.439 - RealTimeSTT: realtimestt - INFO - State changed from 'recording' to 'inactive'
2025-06-20 12:56:54.448 - RealTimeSTT: realtimestt - DEBUG - _audio_data_worker writing audio data into queue.
2025-06-20 12:56:54.506 - RealTimeSTT: realtimestt - INFO - State changed from 'inactive' to 'transcribing'
2025-06-20 12:56:54.506 - RealTimeSTT: realtimestt - INFO - State changed from 'inactive' to 'transcribing'
2025-06-20 12:56:54.506 - RealTimeSTT: realtimestt - DEBUG - Adding transcription request, no early transcription started
2025-06-20 12:56:54.506 - RealTimeSTT: realtimestt - DEBUG - Adding transcription request, no early transcription started
2025-06-20 12:56:54.507 - RealTimeSTT: realtimestt - DEBUG - Receive from parent_transcription_pipe after sendiung transcription request, transcribe_count: 1
2025-06-20 12:56:54.507 - RealTimeSTT: realtimestt - DEBUG - Receive from parent_transcription_pipe after sendiung transcription request, transcribe_count: 1
2025-06-20 12:56:54.547 - RealTimeSTT: realtimestt - INFO - State changed from 'transcribing' to 'inactive'
2025-06-20 12:56:54.553 - RealTimeSTT: realtimestt - INFO - State changed from 'transcribing' to 'inactive'
2025-06-20 12:56:54.558 - RealTimeSTT: realtimestt - DEBUG - Model tiny completed transcription in 0.05 seconds
2025-06-20 12:56:54.588 - RealTimeSTT: realtimestt - DEBUG - Model tiny completed transcription in 0.08 seconds
2025-06-20 12:56:55.051 - RealTimeSTT: realtimestt - DEBUG - _audio_data_worker writing audio data into queue.
2025-06-20 12:56:55.472 - RealTimeSTT: realtimestt - DEBUG - _audio_data_worker writing audio data into queue.
2025-06-20 12:56:55.727 - RealTimeSTT: realtimestt - INFO - recording started
2025-06-20 12:56:55.727 - RealTimeSTT: realtimestt - INFO - State changed from 'inactive' to 'recording'
2025-06-20 12:56:55.727 - RealTimeSTT: realtimestt - INFO - recording started
2025-06-20 12:56:55.727 - RealTimeSTT: realtimestt - INFO - State changed from 'inactive' to 'recording'
2025-06-20 12:56:56.075 - RealTimeSTT: realtimestt - DEBUG - _audio_data_worker writing audio data into queue.
2025-06-20 12:56:56.126 - RealTimeSTT: realtimestt - INFO - Attempted to stop recording too soon after starting.
2025-06-20 12:56:56.127 - RealTimeSTT: realtimestt - INFO - Attempted to stop recording too soon after starting.
2025-06-20 12:56:56.127 - RealTimeSTT: realtimestt - INFO - Setting listen time
2025-06-20 12:56:56.127 - RealTimeSTT: realtimestt - INFO - Setting listen time
2025-06-20 12:56:56.127 - RealTimeSTT: realtimestt - DEBUG - Waiting for recording stop
2025-06-20 12:56:56.127 - RealTimeSTT: realtimestt - DEBUG - Waiting for recording stop
2025-06-20 12:56:56.496 - RealTimeSTT: realtimestt - DEBUG - _audio_data_worker writing audio data into queue.
2025-06-20 12:56:56.880 - RealTimeSTT: realtimestt - INFO - recording stopped
2025-06-20 12:56:56.881 - RealTimeSTT: realtimestt - DEBUG - No samples removed, final audio length: 18944
2025-06-20 12:56:56.881 - RealTimeSTT: realtimestt - INFO - State changed from 'recording' to 'inactive'
2025-06-20 12:56:56.907 - RealTimeSTT: realtimestt - INFO - recording stopped
2025-06-20 12:56:56.908 - RealTimeSTT: realtimestt - DEBUG - No samples removed, final audio length: 18944
2025-06-20 12:56:56.908 - RealTimeSTT: realtimestt - INFO - State changed from 'recording' to 'inactive'
2025-06-20 12:56:56.910 - RealTimeSTT: realtimestt - INFO - State changed from 'inactive' to 'transcribing'
2025-06-20 12:56:56.911 - RealTimeSTT: realtimestt - DEBUG - Adding transcription request, no early transcription started
2025-06-20 12:56:56.912 - RealTimeSTT: realtimestt - DEBUG - Receive from parent_transcription_pipe after sendiung transcription request, transcribe_count: 1
2025-06-20 12:56:56.931 - RealTimeSTT: realtimestt - INFO - State changed from 'inactive' to 'transcribing'
2025-06-20 12:56:56.931 - RealTimeSTT: realtimestt - DEBUG - Adding transcription request, no early transcription started
2025-06-20 12:56:56.931 - RealTimeSTT: realtimestt - DEBUG - Receive from parent_transcription_pipe after sendiung transcription request, transcribe_count: 1
2025-06-20 12:56:56.932 - RealTimeSTT: realtimestt - INFO - State changed from 'transcribing' to 'inactive'
2025-06-20 12:56:56.962 - RealTimeSTT: realtimestt - DEBUG - Model tiny completed transcription in 0.05 seconds
2025-06-20 12:56:56.977 - RealTimeSTT: realtimestt - INFO - State changed from 'transcribing' to 'inactive'
2025-06-20 12:56:56.982 - RealTimeSTT: realtimestt - DEBUG - Model tiny completed transcription in 0.05 seconds
2025-06-20 12:56:57.099 - RealTimeSTT: realtimestt - DEBUG - _audio_data_worker writing audio data into queue.
2025-06-20 12:56:57.520 - RealTimeSTT: realtimestt - DEBUG - _audio_data_worker writing audio data into queue.
2025-06-20 12:56:58.123 - RealTimeSTT: realtimestt - DEBUG - _audio_data_worker writing audio data into queue.
2025-06-20 12:56:58.544 - RealTimeSTT: realtimestt - DEBUG - _audio_data_worker writing audio data into queue.
2025-06-20 12:56:59.147 - RealTimeSTT: realtimestt - DEBUG - _audio_data_worker writing audio data into queue.
2025-06-20 12:56:59.568 - RealTimeSTT: realtimestt - DEBUG - _audio_data_worker writing audio data into queue.
2025-06-20 12:57:00.171 - RealTimeSTT: realtimestt - DEBUG - _audio_data_worker writing audio data into queue.
2025-06-20 12:57:00.592 - RealTimeSTT: realtimestt - DEBUG - _audio_data_worker writing audio data into queue.
2025-06-20 12:57:01.195 - RealTimeSTT: realtimestt - DEBUG - _audio_data_worker writing audio data into queue.
2025-06-20 12:57:01.616 - RealTimeSTT: realtimestt - DEBUG - _audio_data_worker writing audio data into queue.
2025-06-20 12:57:02.219 - RealTimeSTT: realtimestt - DEBUG - _audio_data_worker writing audio data into queue.
2025-06-20 12:57:02.640 - RealTimeSTT: realtimestt - DEBUG - _audio_data_worker writing audio data into queue.
2025-06-20 12:57:03.243 - RealTimeSTT: realtimestt - DEBUG - _audio_data_worker writing audio data into queue.
2025-06-20 12:57:03.664 - RealTimeSTT: realtimestt - DEBUG - _audio_data_worker writing audio data into queue.
2025-06-20 12:57:04.267 - RealTimeSTT: realtimestt - DEBUG - _audio_data_worker writing audio data into queue.
2025-06-20 12:57:04.688 - RealTimeSTT: realtimestt - DEBUG - _audio_data_worker writing audio data into queue.
2025-06-20 12:57:05.291 - RealTimeSTT: realtimestt - DEBUG - _audio_data_worker writing audio data into queue.
2025-06-20 12:57:05.712 - RealTimeSTT: realtimestt - DEBUG - _audio_data_worker writing audio data into queue.
2025-06-20 12:57:06.315 - RealTimeSTT: realtimestt - DEBUG - _audio_data_worker writing audio data into queue.
2025-06-20 12:57:06.736 - RealTimeSTT: realtimestt - DEBUG - _audio_data_worker writing audio data into queue.
2025-06-20 12:57:07.339 - RealTimeSTT: realtimestt - DEBUG - _audio_data_worker writing audio data into queue.
2025-06-20 12:57:07.761 - RealTimeSTT: realtimestt - DEBUG - _audio_data_worker writing audio data into queue.
2025-06-20 12:57:08.363 - RealTimeSTT: realtimestt - DEBUG - _audio_data_worker writing audio data into queue.
2025-06-20 12:57:08.784 - RealTimeSTT: realtimestt - DEBUG - _audio_data_worker writing audio data into queue.
2025-06-20 12:57:09.387 - RealTimeSTT: realtimestt - DEBUG - _audio_data_worker writing audio data into queue.
2025-06-20 12:57:09.808 - RealTimeSTT: realtimestt - DEBUG - _audio_data_worker writing audio data into queue.
2025-06-20 12:57:10.411 - RealTimeSTT: realtimestt - DEBUG - _audio_data_worker writing audio data into queue.
2025-06-20 12:57:10.832 - RealTimeSTT: realtimestt - DEBUG - _audio_data_worker writing audio data into queue.
2025-06-20 12:57:11.435 - RealTimeSTT: realtimestt - DEBUG - _audio_data_worker writing audio data into queue.
2025-06-20 12:57:11.856 - RealTimeSTT: realtimestt - DEBUG - _audio_data_worker writing audio data into queue.
2025-06-20 12:57:12.459 - RealTimeSTT: realtimestt - DEBUG - _audio_data_worker writing audio data into queue.
2025-06-20 12:57:12.872 - RealTimeSTT: realtimestt - DEBUG - Debug: Caught exception in main try block
2025-06-20 12:57:12.880 - RealTimeSTT: realtimestt - DEBUG - _audio_data_worker writing audio data into queue.
2025-06-20 12:57:13.904 - RealTimeSTT: realtimestt - DEBUG - _audio_data_worker writing audio data into queue.
2025-06-20 12:57:14.928 - RealTimeSTT: realtimestt - DEBUG - _audio_data_worker writing audio data into queue.
2025-06-20 12:57:15.952 - RealTimeSTT: realtimestt - DEBUG - _audio_data_worker writing audio data into queue.
2025-06-20 12:57:16.976 - RealTimeSTT: realtimestt - DEBUG - _audio_data_worker writing audio data into queue.
2025-06-20 12:57:18.000 - RealTimeSTT: realtimestt - DEBUG - _audio_data_worker writing audio data into queue.
2025-06-20 12:57:19.024 - RealTimeSTT: realtimestt - DEBUG - _audio_data_worker writing audio data into queue.
2025-06-20 12:57:20.048 - RealTimeSTT: realtimestt - DEBUG - _audio_data_worker writing audio data into queue.
2025-06-20 12:57:21.072 - RealTimeSTT: realtimestt - DEBUG - _audio_data_worker writing audio data into queue.
2025-06-20 12:57:22.096 - RealTimeSTT: realtimestt - DEBUG - _audio_data_worker writing audio data into queue.
2025-06-20 12:57:23.120 - RealTimeSTT: realtimestt - DEBUG - _audio_data_worker writing audio data into queue.
2025-06-20 12:57:24.144 - RealTimeSTT: realtimestt - DEBUG - _audio_data_worker writing audio data into queue.
2025-06-20 12:57:25.168 - RealTimeSTT: realtimestt - DEBUG - _audio_data_worker writing audio data into queue.
2025-06-20 12:57:25.761 - RealTimeSTT: realtimestt - DEBUG - Debug: Caught exception in main try block
2025-06-20 12:57:52.101 - RealTimeSTT: realtimestt - INFO - Starting RealTimeSTT
2025-06-20 12:57:53.867 - RealTimeSTT: realtimestt - INFO - Initializing audio recording (creating pyAudio input stream, sample rate: 16000 buffer size: 512
2025-06-20 12:57:53.868 - RealTimeSTT: realtimestt - DEBUG - Starting audio data worker with target_sample_rate=16000, buffer_size=512, input_device_index=11
2025-06-20 12:57:53.868 - RealTimeSTT: realtimestt - DEBUG - Creating PyAudio interface...
2025-06-20 12:57:53.868 - RealTimeSTT: realtimestt - INFO - Initializing WebRTC voice with Sensitivity 3
2025-06-20 12:57:53.868 - RealTimeSTT: realtimestt - DEBUG - WebRTC VAD voice activity detection engine initialized successfully
2025-06-20 12:57:54.073 - RealTimeSTT: realtimestt - DEBUG - Retrieving highest sample rate for device index 11: {'index': 11, 'structVersion': 2, 'name': 'pulse', 'hostApi': 0, 'maxInputChannels': 32, 'maxOutputChannels': 32, 'defaultLowInputLatency': 0.008684807256235827, 'defaultLowOutputLatency': 0.008684807256235827, 'defaultHighInputLatency': 0.034807256235827665, 'defaultHighOutputLatency': 0.034807256235827665, 'defaultSampleRate': 44100.0}
2025-06-20 12:57:54.073 - RealTimeSTT: realtimestt - DEBUG - Highest supported sample rate for device index 11 is 44100
2025-06-20 12:57:54.073 - RealTimeSTT: realtimestt - DEBUG - Sample rates to try for device 11: [16000, 44100]
2025-06-20 12:57:54.073 - RealTimeSTT: realtimestt - DEBUG - Attempting to initialize audio stream at 16000 Hz.
2025-06-20 12:57:54.073 - RealTimeSTT: realtimestt - DEBUG - Found 12 total audio devices on the system.
2025-06-20 12:57:54.073 - RealTimeSTT: realtimestt - DEBUG - Available input devices with input channels: [4, 9, 11]
2025-06-20 12:57:54.073 - RealTimeSTT: realtimestt - DEBUG - Validating device index 11 with info: {'index': 11, 'structVersion': 2, 'name': 'pulse', 'hostApi': 0, 'maxInputChannels': 32, 'maxOutputChannels': 32, 'defaultLowInputLatency': 0.008684807256235827, 'defaultLowOutputLatency': 0.008684807256235827, 'defaultHighInputLatency': 0.034807256235827665, 'defaultHighOutputLatency': 0.034807256235827665, 'defaultSampleRate': 44100.0}
2025-06-20 12:57:54.183 - RealTimeSTT: realtimestt - DEBUG - Device index 11 successfully validated.
2025-06-20 12:57:54.183 - RealTimeSTT: realtimestt - DEBUG - Opening stream with device index 11, sample_rate=16000, chunk_size=1024
2025-06-20 12:57:54.259 - RealTimeSTT: realtimestt - DEBUG - Silero VAD voice activity detection engine initialized successfully
2025-06-20 12:57:54.256 - RealTimeSTT: realtimestt - INFO - Microphone connected and validated (device index: 11, sample rate: 16000, chunk size: 1024)
2025-06-20 12:57:54.259 - RealTimeSTT: realtimestt - DEBUG - Audio recording initialized successfully at 16000 Hz, reading 1024 frames at a time
2025-06-20 12:57:54.259 - RealTimeSTT: realtimestt - DEBUG - Starting realtime worker
2025-06-20 12:57:54.259 - RealTimeSTT: realtimestt - DEBUG - Waiting for main transcription model to start
2025-06-20 12:57:54.563 - RealTimeSTT: realtimestt - DEBUG - Main transcription model ready
2025-06-20 12:57:54.564 - RealTimeSTT: realtimestt - DEBUG - RealtimeSTT initialization completed successfully
2025-06-20 12:57:55.392 - RealTimeSTT: realtimestt - DEBUG - _audio_data_worker writing audio data into queue.
2025-06-20 12:57:56.416 - RealTimeSTT: realtimestt - DEBUG - _audio_data_worker writing audio data into queue.
2025-06-20 12:57:57.159 - RealTimeSTT: realtimestt - INFO - recording started
2025-06-20 12:57:57.159 - RealTimeSTT: realtimestt - INFO - State changed from 'inactive' to 'recording'
2025-06-20 12:57:57.440 - RealTimeSTT: realtimestt - DEBUG - _audio_data_worker writing audio data into queue.
2025-06-20 12:57:58.464 - RealTimeSTT: realtimestt - DEBUG - _audio_data_worker writing audio data into queue.
2025-06-20 12:57:59.488 - RealTimeSTT: realtimestt - DEBUG - _audio_data_worker writing audio data into queue.
2025-06-20 12:57:59.742 - RealTimeSTT: realtimestt - INFO - recording stopped
2025-06-20 12:57:59.743 - RealTimeSTT: realtimestt - INFO - Setting listen time
2025-06-20 12:57:59.743 - RealTimeSTT: realtimestt - DEBUG - No samples removed, final audio length: 40960
2025-06-20 12:57:59.743 - RealTimeSTT: realtimestt - INFO - State changed from 'recording' to 'inactive'
2025-06-20 12:57:59.766 - RealTimeSTT: realtimestt - INFO - State changed from 'inactive' to 'transcribing'
2025-06-20 12:57:59.767 - RealTimeSTT: realtimestt - DEBUG - Adding transcription request, no early transcription started
2025-06-20 12:57:59.768 - RealTimeSTT: realtimestt - DEBUG - Receive from parent_transcription_pipe after sendiung transcription request, transcribe_count: 1
2025-06-20 12:57:59.837 - RealTimeSTT: realtimestt - INFO - State changed from 'transcribing' to 'inactive'
2025-06-20 12:57:59.869 - RealTimeSTT: realtimestt - DEBUG - Model tiny completed transcription in 0.10 seconds
2025-06-20 12:58:00.512 - RealTimeSTT: realtimestt - DEBUG - _audio_data_worker writing audio data into queue.
2025-06-20 12:58:01.536 - RealTimeSTT: realtimestt - DEBUG - _audio_data_worker writing audio data into queue.
2025-06-20 12:58:02.560 - RealTimeSTT: realtimestt - DEBUG - _audio_data_worker writing audio data into queue.
2025-06-20 12:58:03.584 - RealTimeSTT: realtimestt - DEBUG - _audio_data_worker writing audio data into queue.
2025-06-20 12:58:04.608 - RealTimeSTT: realtimestt - DEBUG - _audio_data_worker writing audio data into queue.
2025-06-20 12:58:05.632 - RealTimeSTT: realtimestt - DEBUG - _audio_data_worker writing audio data into queue.
2025-06-20 12:58:06.656 - RealTimeSTT: realtimestt - DEBUG - _audio_data_worker writing audio data into queue.
2025-06-20 12:58:07.680 - RealTimeSTT: realtimestt - DEBUG - _audio_data_worker writing audio data into queue.
2025-06-20 12:58:08.704 - RealTimeSTT: realtimestt - DEBUG - _audio_data_worker writing audio data into queue.
2025-06-20 12:58:09.728 - RealTimeSTT: realtimestt - DEBUG - _audio_data_worker writing audio data into queue.
2025-06-20 12:58:10.752 - RealTimeSTT: realtimestt - DEBUG - _audio_data_worker writing audio data into queue.
2025-06-20 12:58:11.776 - RealTimeSTT: realtimestt - DEBUG - _audio_data_worker writing audio data into queue.
2025-06-20 12:58:12.800 - RealTimeSTT: realtimestt - DEBUG - _audio_data_worker writing audio data into queue.
2025-06-20 12:58:13.824 - RealTimeSTT: realtimestt - DEBUG - _audio_data_worker writing audio data into queue.
2025-06-20 12:58:14.848 - RealTimeSTT: realtimestt - DEBUG - _audio_data_worker writing audio data into queue.
2025-06-20 12:58:15.872 - RealTimeSTT: realtimestt - DEBUG - _audio_data_worker writing audio data into queue.
2025-06-20 12:58:16.896 - RealTimeSTT: realtimestt - DEBUG - _audio_data_worker writing audio data into queue.
2025-06-20 12:58:17.920 - RealTimeSTT: realtimestt - DEBUG - _audio_data_worker writing audio data into queue.
2025-06-20 12:58:18.944 - RealTimeSTT: realtimestt - DEBUG - _audio_data_worker writing audio data into queue.
2025-06-20 12:58:19.969 - RealTimeSTT: realtimestt - DEBUG - _audio_data_worker writing audio data into queue.
2025-06-20 12:58:20.992 - RealTimeSTT: realtimestt - DEBUG - _audio_data_worker writing audio data into queue.
2025-06-20 12:58:22.016 - RealTimeSTT: realtimestt - DEBUG - _audio_data_worker writing audio data into queue.
2025-06-20 12:58:26.146 - RealTimeSTT: realtimestt - INFO - Starting RealTimeSTT
2025-06-20 12:58:26.260 - RealTimeSTT: realtimestt - INFO - Initializing audio recording (creating pyAudio input stream, sample rate: 16000 buffer size: 512
2025-06-20 12:58:26.261 - RealTimeSTT: realtimestt - DEBUG - Starting audio data worker with target_sample_rate=16000, buffer_size=512, input_device_index=11
2025-06-20 12:58:26.261 - RealTimeSTT: realtimestt - DEBUG - Creating PyAudio interface...
2025-06-20 12:58:26.261 - RealTimeSTT: realtimestt - INFO - Initializing WebRTC voice with Sensitivity 3
2025-06-20 12:58:26.262 - RealTimeSTT: realtimestt - DEBUG - WebRTC VAD voice activity detection engine initialized successfully
2025-06-20 12:58:26.468 - RealTimeSTT: realtimestt - DEBUG - Retrieving highest sample rate for device index 11: {'index': 11, 'structVersion': 2, 'name': 'pulse', 'hostApi': 0, 'maxInputChannels': 32, 'maxOutputChannels': 32, 'defaultLowInputLatency': 0.008684807256235827, 'defaultLowOutputLatency': 0.008684807256235827, 'defaultHighInputLatency': 0.034807256235827665, 'defaultHighOutputLatency': 0.034807256235827665, 'defaultSampleRate': 44100.0}
2025-06-20 12:58:26.468 - RealTimeSTT: realtimestt - DEBUG - Highest supported sample rate for device index 11 is 44100
2025-06-20 12:58:26.468 - RealTimeSTT: realtimestt - DEBUG - Sample rates to try for device 11: [16000, 44100]
2025-06-20 12:58:26.468 - RealTimeSTT: realtimestt - DEBUG - Attempting to initialize audio stream at 16000 Hz.
2025-06-20 12:58:26.468 - RealTimeSTT: realtimestt - DEBUG - Found 12 total audio devices on the system.
2025-06-20 12:58:26.468 - RealTimeSTT: realtimestt - DEBUG - Available input devices with input channels: [4, 9, 11]
2025-06-20 12:58:26.468 - RealTimeSTT: realtimestt - DEBUG - Validating device index 11 with info: {'index': 11, 'structVersion': 2, 'name': 'pulse', 'hostApi': 0, 'maxInputChannels': 32, 'maxOutputChannels': 32, 'defaultLowInputLatency': 0.008684807256235827, 'defaultLowOutputLatency': 0.008684807256235827, 'defaultHighInputLatency': 0.034807256235827665, 'defaultHighOutputLatency': 0.034807256235827665, 'defaultSampleRate': 44100.0}
2025-06-20 12:58:26.617 - RealTimeSTT: realtimestt - DEBUG - Device index 11 successfully validated.
2025-06-20 12:58:26.617 - RealTimeSTT: realtimestt - DEBUG - Opening stream with device index 11, sample_rate=16000, chunk_size=1024
2025-06-20 12:58:26.712 - RealTimeSTT: realtimestt - INFO - Microphone connected and validated (device index: 11, sample rate: 16000, chunk size: 1024)
2025-06-20 12:58:26.760 - RealTimeSTT: realtimestt - DEBUG - Silero VAD voice activity detection engine initialized successfully
2025-06-20 12:58:26.760 - RealTimeSTT: realtimestt - DEBUG - Audio recording initialized successfully at 16000 Hz, reading 1024 frames at a time
2025-06-20 12:58:26.761 - RealTimeSTT: realtimestt - DEBUG - Starting realtime worker
2025-06-20 12:58:26.761 - RealTimeSTT: realtimestt - DEBUG - Waiting for main transcription model to start
2025-06-20 12:58:26.991 - RealTimeSTT: realtimestt - DEBUG - Main transcription model ready
2025-06-20 12:58:26.991 - RealTimeSTT: realtimestt - DEBUG - RealtimeSTT initialization completed successfully
2025-06-20 12:58:27.819 - RealTimeSTT: realtimestt - DEBUG - _audio_data_worker writing audio data into queue.
2025-06-20 12:58:28.843 - RealTimeSTT: realtimestt - DEBUG - _audio_data_worker writing audio data into queue.
2025-06-20 12:58:29.867 - RealTimeSTT: realtimestt - DEBUG - _audio_data_worker writing audio data into queue.
2025-06-20 12:58:30.615 - RealTimeSTT: realtimestt - INFO - recording started
2025-06-20 12:58:30.616 - RealTimeSTT: realtimestt - INFO - State changed from 'inactive' to 'recording'
2025-06-20 12:58:30.891 - RealTimeSTT: realtimestt - DEBUG - _audio_data_worker writing audio data into queue.
2025-06-20 12:58:31.295 - RealTimeSTT: realtimestt - INFO - recording stopped
2025-06-20 12:58:31.295 - RealTimeSTT: realtimestt - INFO - Setting listen time
2025-06-20 12:58:31.295 - RealTimeSTT: realtimestt - DEBUG - No samples removed, final audio length: 11264
2025-06-20 12:58:31.295 - RealTimeSTT: realtimestt - INFO - State changed from 'recording' to 'inactive'
2025-06-20 12:58:31.319 - RealTimeSTT: realtimestt - INFO - State changed from 'inactive' to 'transcribing'
2025-06-20 12:58:31.320 - RealTimeSTT: realtimestt - DEBUG - Adding transcription request, no early transcription started
2025-06-20 12:58:31.320 - RealTimeSTT: realtimestt - DEBUG - Receive from parent_transcription_pipe after sendiung transcription request, transcribe_count: 1
2025-06-20 12:58:31.353 - RealTimeSTT: realtimestt - INFO - State changed from 'transcribing' to 'inactive'
2025-06-20 12:58:31.370 - RealTimeSTT: realtimestt - DEBUG - Model tiny completed transcription in 0.05 seconds
2025-06-20 12:58:31.915 - RealTimeSTT: realtimestt - DEBUG - _audio_data_worker writing audio data into queue.
2025-06-20 12:58:32.695 - RealTimeSTT: realtimestt - INFO - recording started
2025-06-20 12:58:32.695 - RealTimeSTT: realtimestt - INFO - State changed from 'inactive' to 'recording'
2025-06-20 12:58:32.939 - RealTimeSTT: realtimestt - DEBUG - _audio_data_worker writing audio data into queue.
2025-06-20 12:58:33.439 - RealTimeSTT: realtimestt - INFO - recording stopped
2025-06-20 12:58:33.439 - RealTimeSTT: realtimestt - INFO - Setting listen time
2025-06-20 12:58:33.440 - RealTimeSTT: realtimestt - DEBUG - No samples removed, final audio length: 11264
2025-06-20 12:58:33.440 - RealTimeSTT: realtimestt - INFO - State changed from 'recording' to 'inactive'
2025-06-20 12:58:33.498 - RealTimeSTT: realtimestt - INFO - State changed from 'inactive' to 'transcribing'
2025-06-20 12:58:33.499 - RealTimeSTT: realtimestt - DEBUG - Adding transcription request, no early transcription started
2025-06-20 12:58:33.499 - RealTimeSTT: realtimestt - DEBUG - Receive from parent_transcription_pipe after sendiung transcription request, transcribe_count: 1
2025-06-20 12:58:33.526 - RealTimeSTT: realtimestt - INFO - State changed from 'transcribing' to 'inactive'
2025-06-20 12:58:33.550 - RealTimeSTT: realtimestt - DEBUG - Model tiny completed transcription in 0.05 seconds
2025-06-20 12:58:33.963 - RealTimeSTT: realtimestt - DEBUG - _audio_data_worker writing audio data into queue.
2025-06-20 12:58:34.987 - RealTimeSTT: realtimestt - DEBUG - _audio_data_worker writing audio data into queue.
2025-06-20 12:58:36.011 - RealTimeSTT: realtimestt - DEBUG - _audio_data_worker writing audio data into queue.
2025-06-20 12:58:37.035 - RealTimeSTT: realtimestt - DEBUG - _audio_data_worker writing audio data into queue.
2025-06-20 12:58:38.059 - RealTimeSTT: realtimestt - DEBUG - _audio_data_worker writing audio data into queue.
2025-06-20 12:58:39.083 - RealTimeSTT: realtimestt - DEBUG - _audio_data_worker writing audio data into queue.
2025-06-20 12:58:40.107 - RealTimeSTT: realtimestt - DEBUG - _audio_data_worker writing audio data into queue.
2025-06-20 12:58:41.131 - RealTimeSTT: realtimestt - DEBUG - _audio_data_worker writing audio data into queue.
2025-06-20 12:58:42.155 - RealTimeSTT: realtimestt - DEBUG - _audio_data_worker writing audio data into queue.
2025-06-20 12:58:43.179 - RealTimeSTT: realtimestt - DEBUG - _audio_data_worker writing audio data into queue.
2025-06-20 12:58:44.203 - RealTimeSTT: realtimestt - DEBUG - _audio_data_worker writing audio data into queue.
2025-06-20 12:58:45.227 - RealTimeSTT: realtimestt - DEBUG - _audio_data_worker writing audio data into queue.
2025-06-20 12:58:46.251 - RealTimeSTT: realtimestt - DEBUG - _audio_data_worker writing audio data into queue.
2025-06-20 12:58:47.275 - RealTimeSTT: realtimestt - DEBUG - _audio_data_worker writing audio data into queue.
2025-06-20 12:58:48.299 - RealTimeSTT: realtimestt - DEBUG - _audio_data_worker writing audio data into queue.
2025-06-20 12:58:49.323 - RealTimeSTT: realtimestt - DEBUG - _audio_data_worker writing audio data into queue.
2025-06-20 12:58:50.347 - RealTimeSTT: realtimestt - DEBUG - _audio_data_worker writing audio data into queue.
2025-06-20 12:58:51.371 - RealTimeSTT: realtimestt - DEBUG - _audio_data_worker writing audio data into queue.
2025-06-20 12:58:52.395 - RealTimeSTT: realtimestt - DEBUG - _audio_data_worker writing audio data into queue.
2025-06-20 12:58:53.419 - RealTimeSTT: realtimestt - DEBUG - _audio_data_worker writing audio data into queue.
2025-06-20 12:58:54.443 - RealTimeSTT: realtimestt - DEBUG - _audio_data_worker writing audio data into queue.
2025-06-20 12:58:55.467 - RealTimeSTT: realtimestt - DEBUG - _audio_data_worker writing audio data into queue.
2025-06-20 12:58:56.491 - RealTimeSTT: realtimestt - DEBUG - _audio_data_worker writing audio data into queue.
2025-06-20 12:58:57.515 - RealTimeSTT: realtimestt - DEBUG - _audio_data_worker writing audio data into queue.
2025-06-20 12:58:58.539 - RealTimeSTT: realtimestt - DEBUG - _audio_data_worker writing audio data into queue.
2025-06-20 12:58:59.563 - RealTimeSTT: realtimestt - DEBUG - _audio_data_worker writing audio data into queue.
2025-06-20 12:59:00.587 - RealTimeSTT: realtimestt - DEBUG - _audio_data_worker writing audio data into queue.
2025-06-20 12:59:01.611 - RealTimeSTT: realtimestt - DEBUG - _audio_data_worker writing audio data into queue.
2025-06-20 12:59:02.635 - RealTimeSTT: realtimestt - DEBUG - _audio_data_worker writing audio data into queue.
2025-06-20 12:59:03.659 - RealTimeSTT: realtimestt - DEBUG - _audio_data_worker writing audio data into queue.
2025-06-20 12:59:04.683 - RealTimeSTT: realtimestt - DEBUG - _audio_data_worker writing audio data into queue.
2025-06-20 12:59:05.707 - RealTimeSTT: realtimestt - DEBUG - _audio_data_worker writing audio data into queue.
2025-06-20 12:59:06.731 - RealTimeSTT: realtimestt - DEBUG - _audio_data_worker writing audio data into queue.
2025-06-20 12:59:07.755 - RealTimeSTT: realtimestt - DEBUG - _audio_data_worker writing audio data into queue.
2025-06-20 12:59:08.779 - RealTimeSTT: realtimestt - DEBUG - _audio_data_worker writing audio data into queue.
2025-06-20 12:59:09.803 - RealTimeSTT: realtimestt - DEBUG - _audio_data_worker writing audio data into queue.
2025-06-20 12:59:10.827 - RealTimeSTT: realtimestt - DEBUG - _audio_data_worker writing audio data into queue.
2025-06-20 12:59:11.851 - RealTimeSTT: realtimestt - DEBUG - _audio_data_worker writing audio data into queue.
2025-06-20 12:59:12.875 - RealTimeSTT: realtimestt - DEBUG - _audio_data_worker writing audio data into queue.
2025-06-20 12:59:13.899 - RealTimeSTT: realtimestt - DEBUG - _audio_data_worker writing audio data into queue.
2025-06-20 12:59:14.923 - RealTimeSTT: realtimestt - DEBUG - _audio_data_worker writing audio data into queue.
2025-06-20 12:59:15.947 - RealTimeSTT: realtimestt - DEBUG - _audio_data_worker writing audio data into queue.
2025-06-20 12:59:16.971 - RealTimeSTT: realtimestt - DEBUG - _audio_data_worker writing audio data into queue.
2025-06-20 12:59:17.995 - RealTimeSTT: realtimestt - DEBUG - _audio_data_worker writing audio data into queue.
2025-06-20 12:59:19.019 - RealTimeSTT: realtimestt - DEBUG - _audio_data_worker writing audio data into queue.
2025-06-20 12:59:20.043 - RealTimeSTT: realtimestt - DEBUG - _audio_data_worker writing audio data into queue.
2025-06-20 12:59:21.067 - RealTimeSTT: realtimestt - DEBUG - _audio_data_worker writing audio data into queue.
2025-06-20 12:59:22.091 - RealTimeSTT: realtimestt - DEBUG - _audio_data_worker writing audio data into queue.
2025-06-20 12:59:23.115 - RealTimeSTT: realtimestt - DEBUG - _audio_data_worker writing audio data into queue.
2025-06-20 12:59:24.139 - RealTimeSTT: realtimestt - DEBUG - _audio_data_worker writing audio data into queue.
2025-06-20 12:59:25.163 - RealTimeSTT: realtimestt - DEBUG - _audio_data_worker writing audio data into queue.
2025-06-20 12:59:26.187 - RealTimeSTT: realtimestt - DEBUG - _audio_data_worker writing audio data into queue.
2025-06-20 12:59:27.211 - RealTimeSTT: realtimestt - DEBUG - _audio_data_worker writing audio data into queue.
2025-06-20 12:59:28.235 - RealTimeSTT: realtimestt - DEBUG - _audio_data_worker writing audio data into queue.
2025-06-20 12:59:29.259 - RealTimeSTT: realtimestt - DEBUG - _audio_data_worker writing audio data into queue.
2025-06-20 12:59:30.284 - RealTimeSTT: realtimestt - DEBUG - _audio_data_worker writing audio data into queue.
2025-06-20 12:59:31.307 - RealTimeSTT: realtimestt - DEBUG - _audio_data_worker writing audio data into queue.
2025-06-20 12:59:32.331 - RealTimeSTT: realtimestt - DEBUG - _audio_data_worker writing audio data into queue.
2025-06-20 12:59:33.355 - RealTimeSTT: realtimestt - DEBUG - _audio_data_worker writing audio data into queue.
2025-06-20 12:59:34.379 - RealTimeSTT: realtimestt - DEBUG - _audio_data_worker writing audio data into queue.
2025-06-20 12:59:35.403 - RealTimeSTT: realtimestt - DEBUG - _audio_data_worker writing audio data into queue.
2025-06-20 12:59:36.427 - RealTimeSTT: realtimestt - DEBUG - _audio_data_worker writing audio data into queue.
2025-06-20 12:59:37.451 - RealTimeSTT: realtimestt - DEBUG - _audio_data_worker writing audio data into queue.
2025-06-20 12:59:38.475 - RealTimeSTT: realtimestt - DEBUG - _audio_data_worker writing audio data into queue.
2025-06-20 12:59:39.499 - RealTimeSTT: realtimestt - DEBUG - _audio_data_worker writing audio data into queue.
2025-06-20 12:59:40.523 - RealTimeSTT: realtimestt - DEBUG - _audio_data_worker writing audio data into queue.
2025-06-20 12:59:41.547 - RealTimeSTT: realtimestt - DEBUG - _audio_data_worker writing audio data into queue.
2025-06-20 12:59:42.571 - RealTimeSTT: realtimestt - DEBUG - _audio_data_worker writing audio data into queue.
2025-06-20 12:59:43.595 - RealTimeSTT: realtimestt - DEBUG - _audio_data_worker writing audio data into queue.
2025-06-20 12:59:44.619 - RealTimeSTT: realtimestt - DEBUG - _audio_data_worker writing audio data into queue.
2025-06-20 12:59:45.643 - RealTimeSTT: realtimestt - DEBUG - _audio_data_worker writing audio data into queue.
2025-06-20 12:59:46.667 - RealTimeSTT: realtimestt - DEBUG - _audio_data_worker writing audio data into queue.
2025-06-20 12:59:47.691 - RealTimeSTT: realtimestt - DEBUG - _audio_data_worker writing audio data into queue.
2025-06-20 12:59:48.715 - RealTimeSTT: realtimestt - DEBUG - _audio_data_worker writing audio data into queue.
2025-06-20 12:59:49.739 - RealTimeSTT: realtimestt - DEBUG - _audio_data_worker writing audio data into queue.
2025-06-20 12:59:50.763 - RealTimeSTT: realtimestt - DEBUG - _audio_data_worker writing audio data into queue.
2025-06-20 12:59:51.787 - RealTimeSTT: realtimestt - DEBUG - _audio_data_worker writing audio data into queue.
2025-06-20 12:59:52.811 - RealTimeSTT: realtimestt - DEBUG - _audio_data_worker writing audio data into queue.
2025-06-20 12:59:53.835 - RealTimeSTT: realtimestt - DEBUG - _audio_data_worker writing audio data into queue.
2025-06-20 12:59:54.859 - RealTimeSTT: realtimestt - DEBUG - _audio_data_worker writing audio data into queue.
2025-06-20 12:59:55.883 - RealTimeSTT: realtimestt - DEBUG - _audio_data_worker writing audio data into queue.
2025-06-20 12:59:56.907 - RealTimeSTT: realtimestt - DEBUG - _audio_data_worker writing audio data into queue.
2025-06-20 12:59:57.931 - RealTimeSTT: realtimestt - DEBUG - _audio_data_worker writing audio data into queue.
2025-06-20 12:59:58.955 - RealTimeSTT: realtimestt - DEBUG - _audio_data_worker writing audio data into queue.
2025-06-20 12:59:59.979 - RealTimeSTT: realtimestt - DEBUG - _audio_data_worker writing audio data into queue.
2025-06-20 13:00:01.003 - RealTimeSTT: realtimestt - DEBUG - _audio_data_worker writing audio data into queue.
2025-06-20 13:00:02.027 - RealTimeSTT: realtimestt - DEBUG - _audio_data_worker writing audio data into queue.
2025-06-20 13:00:03.051 - RealTimeSTT: realtimestt - DEBUG - _audio_data_worker writing audio data into queue.
2025-06-20 13:00:04.075 - RealTimeSTT: realtimestt - DEBUG - _audio_data_worker writing audio data into queue.
2025-06-20 13:00:05.099 - RealTimeSTT: realtimestt - DEBUG - _audio_data_worker writing audio data into queue.
2025-06-20 13:00:06.123 - RealTimeSTT: realtimestt - DEBUG - _audio_data_worker writing audio data into queue.
2025-06-20 13:00:07.147 - RealTimeSTT: realtimestt - DEBUG - _audio_data_worker writing audio data into queue.
2025-06-20 13:00:08.171 - RealTimeSTT: realtimestt - DEBUG - _audio_data_worker writing audio data into queue.
2025-06-20 13:00:09.195 - RealTimeSTT: realtimestt - DEBUG - _audio_data_worker writing audio data into queue.
2025-06-20 13:00:10.219 - RealTimeSTT: realtimestt - DEBUG - _audio_data_worker writing audio data into queue.
2025-06-20 13:00:11.243 - RealTimeSTT: realtimestt - DEBUG - _audio_data_worker writing audio data into queue.
2025-06-20 13:00:12.267 - RealTimeSTT: realtimestt - DEBUG - _audio_data_worker writing audio data into queue.
2025-06-20 13:00:13.291 - RealTimeSTT: realtimestt - DEBUG - _audio_data_worker writing audio data into queue.
2025-06-20 13:00:14.315 - RealTimeSTT: realtimestt - DEBUG - _audio_data_worker writing audio data into queue.
2025-06-20 13:00:15.339 - RealTimeSTT: realtimestt - DEBUG - _audio_data_worker writing audio data into queue.
2025-06-20 13:00:16.363 - RealTimeSTT: realtimestt - DEBUG - _audio_data_worker writing audio data into queue.
2025-06-20 13:00:17.387 - RealTimeSTT: realtimestt - DEBUG - _audio_data_worker writing audio data into queue.
2025-06-20 13:00:18.411 - RealTimeSTT: realtimestt - DEBUG - _audio_data_worker writing audio data into queue.
2025-06-20 13:00:19.435 - RealTimeSTT: realtimestt - DEBUG - _audio_data_worker writing audio data into queue.
2025-06-20 13:00:20.459 - RealTimeSTT: realtimestt - DEBUG - _audio_data_worker writing audio data into queue.
2025-06-20 13:00:21.483 - RealTimeSTT: realtimestt - DEBUG - _audio_data_worker writing audio data into queue.
2025-06-20 13:00:22.507 - RealTimeSTT: realtimestt - DEBUG - _audio_data_worker writing audio data into queue.
2025-06-20 13:00:23.531 - RealTimeSTT: realtimestt - DEBUG - _audio_data_worker writing audio data into queue.
2025-06-20 13:00:24.555 - RealTimeSTT: realtimestt - DEBUG - _audio_data_worker writing audio data into queue.
2025-06-20 13:00:25.579 - RealTimeSTT: realtimestt - DEBUG - _audio_data_worker writing audio data into queue.
2025-06-20 13:00:26.603 - RealTimeSTT: realtimestt - DEBUG - _audio_data_worker writing audio data into queue.
2025-06-20 13:00:27.627 - RealTimeSTT: realtimestt - DEBUG - _audio_data_worker writing audio data into queue.
2025-06-20 13:00:28.651 - RealTimeSTT: realtimestt - DEBUG - _audio_data_worker writing audio data into queue.
2025-06-20 13:00:29.675 - RealTimeSTT: realtimestt - DEBUG - _audio_data_worker writing audio data into queue.
2025-06-20 13:00:30.699 - RealTimeSTT: realtimestt - DEBUG - _audio_data_worker writing audio data into queue.
2025-06-20 13:00:31.723 - RealTimeSTT: realtimestt - DEBUG - _audio_data_worker writing audio data into queue.
2025-06-20 13:00:32.747 - RealTimeSTT: realtimestt - DEBUG - _audio_data_worker writing audio data into queue.
2025-06-20 13:00:33.771 - RealTimeSTT: realtimestt - DEBUG - _audio_data_worker writing audio data into queue.
2025-06-20 13:00:34.795 - RealTimeSTT: realtimestt - DEBUG - _audio_data_worker writing audio data into queue.
2025-06-20 13:00:35.820 - RealTimeSTT: realtimestt - DEBUG - _audio_data_worker writing audio data into queue.
2025-06-20 13:00:36.843 - RealTimeSTT: realtimestt - DEBUG - _audio_data_worker writing audio data into queue.
2025-06-20 13:00:37.867 - RealTimeSTT: realtimestt - DEBUG - _audio_data_worker writing audio data into queue.
2025-06-20 13:00:38.891 - RealTimeSTT: realtimestt - DEBUG - _audio_data_worker writing audio data into queue.
2025-06-20 13:00:39.915 - RealTimeSTT: realtimestt - DEBUG - _audio_data_worker writing audio data into queue.
2025-06-20 13:00:40.939 - RealTimeSTT: realtimestt - DEBUG - _audio_data_worker writing audio data into queue.
2025-06-20 13:00:41.962 - RealTimeSTT: realtimestt - DEBUG - _audio_data_worker writing audio data into queue.
2025-06-20 13:00:42.986 - RealTimeSTT: realtimestt - DEBUG - _audio_data_worker writing audio data into queue.
2025-06-20 13:00:44.010 - RealTimeSTT: realtimestt - DEBUG - _audio_data_worker writing audio data into queue.
2025-06-20 13:00:45.034 - RealTimeSTT: realtimestt - DEBUG - _audio_data_worker writing audio data into queue.
2025-06-20 13:00:46.058 - RealTimeSTT: realtimestt - DEBUG - _audio_data_worker writing audio data into queue.
2025-06-20 13:00:47.082 - RealTimeSTT: realtimestt - DEBUG - _audio_data_worker writing audio data into queue.
2025-06-20 13:00:48.106 - RealTimeSTT: realtimestt - DEBUG - _audio_data_worker writing audio data into queue.
2025-06-20 13:00:49.130 - RealTimeSTT: realtimestt - DEBUG - _audio_data_worker writing audio data into queue.
2025-06-20 13:00:50.154 - RealTimeSTT: realtimestt - DEBUG - _audio_data_worker writing audio data into queue.
2025-06-20 13:00:51.178 - RealTimeSTT: realtimestt - DEBUG - _audio_data_worker writing audio data into queue.
2025-06-20 13:00:52.977 - RealTimeSTT: realtimestt - INFO - Starting RealTimeSTT
2025-06-20 13:00:53.071 - RealTimeSTT: realtimestt - INFO - Initializing audio recording (creating pyAudio input stream, sample rate: 16000 buffer size: 512
2025-06-20 13:00:53.072 - RealTimeSTT: realtimestt - DEBUG - Starting audio data worker with target_sample_rate=16000, buffer_size=512, input_device_index=11
2025-06-20 13:00:53.072 - RealTimeSTT: realtimestt - INFO - Initializing WebRTC voice with Sensitivity 3
2025-06-20 13:00:53.072 - RealTimeSTT: realtimestt - DEBUG - Creating PyAudio interface...
2025-06-20 13:00:53.072 - RealTimeSTT: realtimestt - DEBUG - WebRTC VAD voice activity detection engine initialized successfully
2025-06-20 13:00:53.274 - RealTimeSTT: realtimestt - DEBUG - Silero VAD voice activity detection engine initialized successfully
2025-06-20 13:00:53.275 - RealTimeSTT: realtimestt - DEBUG - Starting realtime worker
2025-06-20 13:00:53.275 - RealTimeSTT: realtimestt - DEBUG - Waiting for main transcription model to start
2025-06-20 13:00:53.298 - RealTimeSTT: realtimestt - DEBUG - Retrieving highest sample rate for device index 11: {'index': 11, 'structVersion': 2, 'name': 'pulse', 'hostApi': 0, 'maxInputChannels': 32, 'maxOutputChannels': 32, 'defaultLowInputLatency': 0.008684807256235827, 'defaultLowOutputLatency': 0.008684807256235827, 'defaultHighInputLatency': 0.034807256235827665, 'defaultHighOutputLatency': 0.034807256235827665, 'defaultSampleRate': 44100.0}
2025-06-20 13:00:53.298 - RealTimeSTT: realtimestt - DEBUG - Highest supported sample rate for device index 11 is 44100
2025-06-20 13:00:53.298 - RealTimeSTT: realtimestt - DEBUG - Sample rates to try for device 11: [16000, 44100]
2025-06-20 13:00:53.298 - RealTimeSTT: realtimestt - DEBUG - Attempting to initialize audio stream at 16000 Hz.
2025-06-20 13:00:53.298 - RealTimeSTT: realtimestt - DEBUG - Found 12 total audio devices on the system.
2025-06-20 13:00:53.298 - RealTimeSTT: realtimestt - DEBUG - Available input devices with input channels: [4, 9, 11]
2025-06-20 13:00:53.298 - RealTimeSTT: realtimestt - DEBUG - Validating device index 11 with info: {'index': 11, 'structVersion': 2, 'name': 'pulse', 'hostApi': 0, 'maxInputChannels': 32, 'maxOutputChannels': 32, 'defaultLowInputLatency': 0.008684807256235827, 'defaultLowOutputLatency': 0.008684807256235827, 'defaultHighInputLatency': 0.034807256235827665, 'defaultHighOutputLatency': 0.034807256235827665, 'defaultSampleRate': 44100.0}
2025-06-20 13:00:53.408 - RealTimeSTT: realtimestt - DEBUG - Device index 11 successfully validated.
2025-06-20 13:00:53.408 - RealTimeSTT: realtimestt - DEBUG - Opening stream with device index 11, sample_rate=16000, chunk_size=1024
2025-06-20 13:00:53.456 - RealTimeSTT: realtimestt - INFO - Microphone connected and validated (device index: 11, sample rate: 16000, chunk size: 1024)
2025-06-20 13:00:53.456 - RealTimeSTT: realtimestt - DEBUG - Audio recording initialized successfully at 16000 Hz, reading 1024 frames at a time
2025-06-20 13:00:53.824 - RealTimeSTT: realtimestt - DEBUG - Main transcription model ready
2025-06-20 13:00:53.824 - RealTimeSTT: realtimestt - DEBUG - RealtimeSTT initialization completed successfully
2025-06-20 13:00:54.608 - RealTimeSTT: realtimestt - DEBUG - _audio_data_worker writing audio data into queue.
2025-06-20 13:00:55.632 - RealTimeSTT: realtimestt - DEBUG - _audio_data_worker writing audio data into queue.
2025-06-20 13:00:56.656 - RealTimeSTT: realtimestt - DEBUG - _audio_data_worker writing audio data into queue.
2025-06-20 13:00:57.680 - RealTimeSTT: realtimestt - DEBUG - _audio_data_worker writing audio data into queue.
2025-06-20 13:00:57.902 - RealTimeSTT: realtimestt - INFO - recording started
2025-06-20 13:00:57.903 - RealTimeSTT: realtimestt - INFO - State changed from 'inactive' to 'recording'
2025-06-20 13:00:58.704 - RealTimeSTT: realtimestt - DEBUG - _audio_data_worker writing audio data into queue.
2025-06-20 13:00:59.728 - RealTimeSTT: realtimestt - DEBUG - _audio_data_worker writing audio data into queue.
2025-06-20 13:01:00.752 - RealTimeSTT: realtimestt - DEBUG - _audio_data_worker writing audio data into queue.
2025-06-20 13:01:01.776 - RealTimeSTT: realtimestt - DEBUG - _audio_data_worker writing audio data into queue.
2025-06-20 13:01:02.750 - RealTimeSTT: realtimestt - INFO - recording stopped
2025-06-20 13:01:02.751 - RealTimeSTT: realtimestt - INFO - Setting listen time
2025-06-20 13:01:02.752 - RealTimeSTT: realtimestt - DEBUG - No samples removed, final audio length: 77824
2025-06-20 13:01:02.752 - RealTimeSTT: realtimestt - INFO - State changed from 'recording' to 'inactive'
2025-06-20 13:01:02.800 - RealTimeSTT: realtimestt - DEBUG - _audio_data_worker writing audio data into queue.
2025-06-20 13:01:02.817 - RealTimeSTT: realtimestt - INFO - State changed from 'inactive' to 'transcribing'
2025-06-20 13:01:02.818 - RealTimeSTT: realtimestt - DEBUG - Adding transcription request, no early transcription started
2025-06-20 13:01:02.827 - RealTimeSTT: realtimestt - DEBUG - Receive from parent_transcription_pipe after sendiung transcription request, transcribe_count: 1
2025-06-20 13:01:02.883 - RealTimeSTT: realtimestt - INFO - State changed from 'transcribing' to 'inactive'
2025-06-20 13:01:02.920 - RealTimeSTT: realtimestt - DEBUG - Model tiny completed transcription in 0.10 seconds
2025-06-20 13:01:03.824 - RealTimeSTT: realtimestt - DEBUG - _audio_data_worker writing audio data into queue.
2025-06-20 13:01:04.848 - RealTimeSTT: realtimestt - DEBUG - _audio_data_worker writing audio data into queue.
2025-06-20 13:01:05.872 - RealTimeSTT: realtimestt - DEBUG - _audio_data_worker writing audio data into queue.
2025-06-20 13:01:06.896 - RealTimeSTT: realtimestt - DEBUG - _audio_data_worker writing audio data into queue.
2025-06-20 13:01:07.920 - RealTimeSTT: realtimestt - DEBUG - _audio_data_worker writing audio data into queue.
2025-06-20 13:01:08.944 - RealTimeSTT: realtimestt - DEBUG - _audio_data_worker writing audio data into queue.
2025-06-20 13:01:09.968 - RealTimeSTT: realtimestt - DEBUG - _audio_data_worker writing audio data into queue.
2025-06-20 13:01:10.992 - RealTimeSTT: realtimestt - DEBUG - _audio_data_worker writing audio data into queue.
2025-06-20 13:01:12.016 - RealTimeSTT: realtimestt - DEBUG - _audio_data_worker writing audio data into queue.
2025-06-20 13:01:13.040 - RealTimeSTT: realtimestt - DEBUG - _audio_data_worker writing audio data into queue.
2025-06-20 13:01:14.064 - RealTimeSTT: realtimestt - DEBUG - _audio_data_worker writing audio data into queue.
2025-06-20 13:01:15.088 - RealTimeSTT: realtimestt - DEBUG - _audio_data_worker writing audio data into queue.
2025-06-20 13:01:16.112 - RealTimeSTT: realtimestt - DEBUG - _audio_data_worker writing audio data into queue.
2025-06-20 13:01:17.136 - RealTimeSTT: realtimestt - DEBUG - _audio_data_worker writing audio data into queue.
2025-06-20 13:01:18.160 - RealTimeSTT: realtimestt - DEBUG - _audio_data_worker writing audio data into queue.
2025-06-20 13:01:19.184 - RealTimeSTT: realtimestt - DEBUG - _audio_data_worker writing audio data into queue.
2025-06-20 13:01:20.208 - RealTimeSTT: realtimestt - DEBUG - _audio_data_worker writing audio data into queue.
2025-06-20 13:01:21.232 - RealTimeSTT: realtimestt - DEBUG - _audio_data_worker writing audio data into queue.
2025-06-20 13:01:22.256 - RealTimeSTT: realtimestt - DEBUG - _audio_data_worker writing audio data into queue.
2025-06-20 13:01:23.280 - RealTimeSTT: realtimestt - DEBUG - _audio_data_worker writing audio data into queue.
2025-06-20 13:01:24.304 - RealTimeSTT: realtimestt - DEBUG - _audio_data_worker writing audio data into queue.
2025-06-20 13:01:25.328 - RealTimeSTT: realtimestt - DEBUG - _audio_data_worker writing audio data into queue.
2025-06-20 13:01:26.352 - RealTimeSTT: realtimestt - DEBUG - _audio_data_worker writing audio data into queue.
2025-06-20 13:01:27.376 - RealTimeSTT: realtimestt - DEBUG - _audio_data_worker writing audio data into queue.
2025-06-20 13:01:28.400 - RealTimeSTT: realtimestt - DEBUG - _audio_data_worker writing audio data into queue.
2025-06-20 13:01:29.424 - RealTimeSTT: realtimestt - DEBUG - _audio_data_worker writing audio data into queue.
2025-06-20 13:01:30.448 - RealTimeSTT: realtimestt - DEBUG - _audio_data_worker writing audio data into queue.
2025-06-20 13:01:31.472 - RealTimeSTT: realtimestt - DEBUG - _audio_data_worker writing audio data into queue.
2025-06-20 13:01:32.496 - RealTimeSTT: realtimestt - DEBUG - _audio_data_worker writing audio data into queue.
2025-06-20 13:01:33.520 - RealTimeSTT: realtimestt - DEBUG - _audio_data_worker writing audio data into queue.
2025-06-20 13:01:34.544 - RealTimeSTT: realtimestt - DEBUG - _audio_data_worker writing audio data into queue.
2025-06-20 13:01:35.568 - RealTimeSTT: realtimestt - DEBUG - _audio_data_worker writing audio data into queue.
2025-06-20 13:01:36.592 - RealTimeSTT: realtimestt - DEBUG - _audio_data_worker writing audio data into queue.
2025-06-20 13:01:37.616 - RealTimeSTT: realtimestt - DEBUG - _audio_data_worker writing audio data into queue.
2025-06-20 13:01:38.640 - RealTimeSTT: realtimestt - DEBUG - _audio_data_worker writing audio data into queue.
2025-06-20 13:01:39.664 - RealTimeSTT: realtimestt - DEBUG - _audio_data_worker writing audio data into queue.
2025-06-20 13:01:40.688 - RealTimeSTT: realtimestt - DEBUG - _audio_data_worker writing audio data into queue.
2025-06-20 13:01:41.712 - RealTimeSTT: realtimestt - DEBUG - _audio_data_worker writing audio data into queue.
2025-06-20 13:01:42.736 - RealTimeSTT: realtimestt - DEBUG - _audio_data_worker writing audio data into queue.
2025-06-20 13:01:43.760 - RealTimeSTT: realtimestt - DEBUG - _audio_data_worker writing audio data into queue.
2025-06-20 13:01:44.784 - RealTimeSTT: realtimestt - DEBUG - _audio_data_worker writing audio data into queue.
2025-06-20 13:01:45.808 - RealTimeSTT: realtimestt - DEBUG - _audio_data_worker writing audio data into queue.
2025-06-20 13:01:46.832 - RealTimeSTT: realtimestt - DEBUG - _audio_data_worker writing audio data into queue.
2025-06-20 13:01:47.856 - RealTimeSTT: realtimestt - DEBUG - _audio_data_worker writing audio data into queue.
2025-06-20 13:01:48.880 - RealTimeSTT: realtimestt - DEBUG - _audio_data_worker writing audio data into queue.
2025-06-20 13:01:49.904 - RealTimeSTT: realtimestt - DEBUG - _audio_data_worker writing audio data into queue.
2025-06-20 13:01:50.928 - RealTimeSTT: realtimestt - DEBUG - _audio_data_worker writing audio data into queue.
2025-06-20 13:01:51.952 - RealTimeSTT: realtimestt - DEBUG - _audio_data_worker writing audio data into queue.
2025-06-20 13:01:52.976 - RealTimeSTT: realtimestt - DEBUG - _audio_data_worker writing audio data into queue.
2025-06-20 13:01:54.000 - RealTimeSTT: realtimestt - DEBUG - _audio_data_worker writing audio data into queue.
2025-06-20 13:01:55.024 - RealTimeSTT: realtimestt - DEBUG - _audio_data_worker writing audio data into queue.
2025-06-20 13:01:56.049 - RealTimeSTT: realtimestt - DEBUG - _audio_data_worker writing audio data into queue.
2025-06-20 13:01:57.072 - RealTimeSTT: realtimestt - DEBUG - _audio_data_worker writing audio data into queue.
2025-06-20 13:01:58.096 - RealTimeSTT: realtimestt - DEBUG - _audio_data_worker writing audio data into queue.
2025-06-20 13:01:59.120 - RealTimeSTT: realtimestt - DEBUG - _audio_data_worker writing audio data into queue.
2025-06-20 13:02:00.144 - RealTimeSTT: realtimestt - DEBUG - _audio_data_worker writing audio data into queue.
2025-06-20 13:02:01.168 - RealTimeSTT: realtimestt - DEBUG - _audio_data_worker writing audio data into queue.
2025-06-20 13:02:02.193 - RealTimeSTT: realtimestt - DEBUG - _audio_data_worker writing audio data into queue.
2025-06-20 13:02:03.216 - RealTimeSTT: realtimestt - DEBUG - _audio_data_worker writing audio data into queue.
2025-06-20 13:02:04.240 - RealTimeSTT: realtimestt - DEBUG - _audio_data_worker writing audio data into queue.
2025-06-20 13:02:05.264 - RealTimeSTT: realtimestt - DEBUG - _audio_data_worker writing audio data into queue.
2025-06-20 13:02:06.288 - RealTimeSTT: realtimestt - DEBUG - _audio_data_worker writing audio data into queue.
2025-06-20 13:02:07.312 - RealTimeSTT: realtimestt - DEBUG - _audio_data_worker writing audio data into queue.
2025-06-20 13:02:08.336 - RealTimeSTT: realtimestt - DEBUG - _audio_data_worker writing audio data into queue.
2025-06-20 13:02:09.360 - RealTimeSTT: realtimestt - DEBUG - _audio_data_worker writing audio data into queue.
2025-06-20 13:02:10.384 - RealTimeSTT: realtimestt - DEBUG - _audio_data_worker writing audio data into queue.
2025-06-20 13:02:11.408 - RealTimeSTT: realtimestt - DEBUG - _audio_data_worker writing audio data into queue.
2025-06-20 13:02:12.432 - RealTimeSTT: realtimestt - DEBUG - _audio_data_worker writing audio data into queue.
2025-06-20 13:02:13.456 - RealTimeSTT: realtimestt - DEBUG - _audio_data_worker writing audio data into queue.
2025-06-20 13:02:14.480 - RealTimeSTT: realtimestt - DEBUG - _audio_data_worker writing audio data into queue.
2025-06-20 13:02:15.504 - RealTimeSTT: realtimestt - DEBUG - _audio_data_worker writing audio data into queue.
2025-06-20 13:02:16.528 - RealTimeSTT: realtimestt - DEBUG - _audio_data_worker writing audio data into queue.
2025-06-20 13:02:17.552 - RealTimeSTT: realtimestt - DEBUG - _audio_data_worker writing audio data into queue.
2025-06-20 13:02:18.576 - RealTimeSTT: realtimestt - DEBUG - _audio_data_worker writing audio data into queue.
2025-06-20 13:02:19.600 - RealTimeSTT: realtimestt - DEBUG - _audio_data_worker writing audio data into queue.
2025-06-20 13:02:20.624 - RealTimeSTT: realtimestt - DEBUG - _audio_data_worker writing audio data into queue.
2025-06-20 13:02:21.648 - RealTimeSTT: realtimestt - DEBUG - _audio_data_worker writing audio data into queue.
2025-06-20 13:02:22.672 - RealTimeSTT: realtimestt - DEBUG - _audio_data_worker writing audio data into queue.
2025-06-20 13:02:23.696 - RealTimeSTT: realtimestt - DEBUG - _audio_data_worker writing audio data into queue.
2025-06-20 13:02:24.720 - RealTimeSTT: realtimestt - DEBUG - _audio_data_worker writing audio data into queue.
2025-06-20 13:02:25.744 - RealTimeSTT: realtimestt - DEBUG - _audio_data_worker writing audio data into queue.
2025-06-20 13:02:26.768 - RealTimeSTT: realtimestt - DEBUG - _audio_data_worker writing audio data into queue.
2025-06-20 13:02:27.792 - RealTimeSTT: realtimestt - DEBUG - _audio_data_worker writing audio data into queue.
2025-06-20 13:02:28.816 - RealTimeSTT: realtimestt - DEBUG - _audio_data_worker writing audio data into queue.
2025-06-20 13:02:29.840 - RealTimeSTT: realtimestt - DEBUG - _audio_data_worker writing audio data into queue.
2025-06-20 13:02:30.864 - RealTimeSTT: realtimestt - DEBUG - _audio_data_worker writing audio data into queue.
2025-06-20 13:02:31.888 - RealTimeSTT: realtimestt - DEBUG - _audio_data_worker writing audio data into queue.
2025-06-20 13:02:32.912 - RealTimeSTT: realtimestt - DEBUG - _audio_data_worker writing audio data into queue.
2025-06-20 13:02:33.936 - RealTimeSTT: realtimestt - DEBUG - _audio_data_worker writing audio data into queue.
2025-06-20 13:02:34.960 - RealTimeSTT: realtimestt - DEBUG - _audio_data_worker writing audio data into queue.
2025-06-20 13:02:35.984 - RealTimeSTT: realtimestt - DEBUG - _audio_data_worker writing audio data into queue.
2025-06-20 13:02:37.008 - RealTimeSTT: realtimestt - DEBUG - _audio_data_worker writing audio data into queue.
2025-06-20 13:02:39.025 - RealTimeSTT: realtimestt - INFO - Starting RealTimeSTT
2025-06-20 13:02:39.109 - RealTimeSTT: realtimestt - INFO - Initializing audio recording (creating pyAudio input stream, sample rate: 16000 buffer size: 512
2025-06-20 13:02:39.109 - RealTimeSTT: realtimestt - DEBUG - Starting audio data worker with target_sample_rate=16000, buffer_size=512, input_device_index=11
2025-06-20 13:02:39.109 - RealTimeSTT: realtimestt - DEBUG - Creating PyAudio interface...
2025-06-20 13:02:39.109 - RealTimeSTT: realtimestt - INFO - Initializing WebRTC voice with Sensitivity 3
2025-06-20 13:02:39.110 - RealTimeSTT: realtimestt - DEBUG - WebRTC VAD voice activity detection engine initialized successfully
2025-06-20 13:02:39.297 - RealTimeSTT: realtimestt - DEBUG - Silero VAD voice activity detection engine initialized successfully
2025-06-20 13:02:39.297 - RealTimeSTT: realtimestt - DEBUG - Starting realtime worker
2025-06-20 13:02:39.297 - RealTimeSTT: realtimestt - DEBUG - Waiting for main transcription model to start
2025-06-20 13:02:39.326 - RealTimeSTT: realtimestt - DEBUG - Retrieving highest sample rate for device index 11: {'index': 11, 'structVersion': 2, 'name': 'pulse', 'hostApi': 0, 'maxInputChannels': 32, 'maxOutputChannels': 32, 'defaultLowInputLatency': 0.008684807256235827, 'defaultLowOutputLatency': 0.008684807256235827, 'defaultHighInputLatency': 0.034807256235827665, 'defaultHighOutputLatency': 0.034807256235827665, 'defaultSampleRate': 44100.0}
2025-06-20 13:02:39.326 - RealTimeSTT: realtimestt - DEBUG - Highest supported sample rate for device index 11 is 44100
2025-06-20 13:02:39.326 - RealTimeSTT: realtimestt - DEBUG - Sample rates to try for device 11: [16000, 44100]
2025-06-20 13:02:39.326 - RealTimeSTT: realtimestt - DEBUG - Attempting to initialize audio stream at 16000 Hz.
2025-06-20 13:02:39.326 - RealTimeSTT: realtimestt - DEBUG - Found 12 total audio devices on the system.
2025-06-20 13:02:39.326 - RealTimeSTT: realtimestt - DEBUG - Available input devices with input channels: [4, 9, 11]
2025-06-20 13:02:39.326 - RealTimeSTT: realtimestt - DEBUG - Validating device index 11 with info: {'index': 11, 'structVersion': 2, 'name': 'pulse', 'hostApi': 0, 'maxInputChannels': 32, 'maxOutputChannels': 32, 'defaultLowInputLatency': 0.008684807256235827, 'defaultLowOutputLatency': 0.008684807256235827, 'defaultHighInputLatency': 0.034807256235827665, 'defaultHighOutputLatency': 0.034807256235827665, 'defaultSampleRate': 44100.0}
2025-06-20 13:02:39.436 - RealTimeSTT: realtimestt - DEBUG - Device index 11 successfully validated.
2025-06-20 13:02:39.436 - RealTimeSTT: realtimestt - DEBUG - Opening stream with device index 11, sample_rate=16000, chunk_size=1024
2025-06-20 13:02:39.480 - RealTimeSTT: realtimestt - INFO - Microphone connected and validated (device index: 11, sample rate: 16000, chunk size: 1024)
2025-06-20 13:02:39.480 - RealTimeSTT: realtimestt - DEBUG - Audio recording initialized successfully at 16000 Hz, reading 1024 frames at a time
2025-06-20 13:02:39.826 - RealTimeSTT: realtimestt - DEBUG - Main transcription model ready
2025-06-20 13:02:39.827 - RealTimeSTT: realtimestt - DEBUG - RealtimeSTT initialization completed successfully
2025-06-20 13:02:40.635 - RealTimeSTT: realtimestt - DEBUG - _audio_data_worker writing audio data into queue.
2025-06-20 13:02:41.659 - RealTimeSTT: realtimestt - DEBUG - _audio_data_worker writing audio data into queue.
2025-06-20 13:02:42.683 - RealTimeSTT: realtimestt - DEBUG - _audio_data_worker writing audio data into queue.
2025-06-20 13:02:43.707 - RealTimeSTT: realtimestt - DEBUG - _audio_data_worker writing audio data into queue.
2025-06-20 13:02:44.731 - RealTimeSTT: realtimestt - DEBUG - _audio_data_worker writing audio data into queue.
2025-06-20 13:02:45.755 - RealTimeSTT: realtimestt - DEBUG - _audio_data_worker writing audio data into queue.
2025-06-20 13:02:46.779 - RealTimeSTT: realtimestt - DEBUG - _audio_data_worker writing audio data into queue.
2025-06-20 13:02:47.803 - RealTimeSTT: realtimestt - DEBUG - _audio_data_worker writing audio data into queue.
2025-06-20 13:02:48.827 - RealTimeSTT: realtimestt - DEBUG - _audio_data_worker writing audio data into queue.
2025-06-20 13:02:49.851 - RealTimeSTT: realtimestt - DEBUG - _audio_data_worker writing audio data into queue.
2025-06-20 13:02:50.875 - RealTimeSTT: realtimestt - DEBUG - _audio_data_worker writing audio data into queue.
2025-06-20 13:02:50.918 - RealTimeSTT: realtimestt - INFO - recording started
2025-06-20 13:02:50.919 - RealTimeSTT: realtimestt - INFO - State changed from 'inactive' to 'recording'
2025-06-20 13:02:51.894 - RealTimeSTT: realtimestt - INFO - recording stopped
2025-06-20 13:02:51.895 - RealTimeSTT: realtimestt - INFO - Setting listen time
2025-06-20 13:02:51.895 - RealTimeSTT: realtimestt - DEBUG - No samples removed, final audio length: 15360
2025-06-20 13:02:51.895 - RealTimeSTT: realtimestt - INFO - State changed from 'recording' to 'inactive'
2025-06-20 13:02:51.899 - RealTimeSTT: realtimestt - DEBUG - _audio_data_worker writing audio data into queue.
2025-06-20 13:02:51.922 - RealTimeSTT: realtimestt - INFO - State changed from 'inactive' to 'transcribing'
2025-06-20 13:02:51.923 - RealTimeSTT: realtimestt - DEBUG - Adding transcription request, no early transcription started
2025-06-20 13:02:51.923 - RealTimeSTT: realtimestt - DEBUG - Receive from parent_transcription_pipe after sendiung transcription request, transcribe_count: 1
2025-06-20 13:02:51.947 - RealTimeSTT: realtimestt - INFO - State changed from 'transcribing' to 'inactive'
2025-06-20 13:02:51.974 - RealTimeSTT: realtimestt - DEBUG - Model tiny completed transcription in 0.05 seconds
2025-06-20 13:02:52.783 - RealTimeSTT: realtimestt - INFO - recording started
2025-06-20 13:02:52.783 - RealTimeSTT: realtimestt - INFO - State changed from 'inactive' to 'recording'
2025-06-20 13:02:52.923 - RealTimeSTT: realtimestt - DEBUG - _audio_data_worker writing audio data into queue.
2025-06-20 13:02:53.799 - RealTimeSTT: realtimestt - INFO - recording stopped
2025-06-20 13:02:53.799 - RealTimeSTT: realtimestt - INFO - Setting listen time
2025-06-20 13:02:53.800 - RealTimeSTT: realtimestt - DEBUG - No samples removed, final audio length: 16384
2025-06-20 13:02:53.800 - RealTimeSTT: realtimestt - INFO - State changed from 'recording' to 'inactive'
2025-06-20 13:02:53.866 - RealTimeSTT: realtimestt - INFO - State changed from 'inactive' to 'transcribing'
2025-06-20 13:02:53.867 - RealTimeSTT: realtimestt - DEBUG - Adding transcription request, no early transcription started
2025-06-20 13:02:53.867 - RealTimeSTT: realtimestt - DEBUG - Receive from parent_transcription_pipe after sendiung transcription request, transcribe_count: 1
2025-06-20 13:02:53.910 - RealTimeSTT: realtimestt - INFO - State changed from 'transcribing' to 'inactive'
2025-06-20 13:02:53.918 - RealTimeSTT: realtimestt - DEBUG - Model tiny completed transcription in 0.05 seconds
2025-06-20 13:02:53.947 - RealTimeSTT: realtimestt - DEBUG - _audio_data_worker writing audio data into queue.
2025-06-20 13:02:54.971 - RealTimeSTT: realtimestt - DEBUG - _audio_data_worker writing audio data into queue.
2025-06-20 13:02:55.255 - RealTimeSTT: realtimestt - INFO - recording started
2025-06-20 13:02:55.255 - RealTimeSTT: realtimestt - INFO - State changed from 'inactive' to 'recording'
2025-06-20 13:02:55.995 - RealTimeSTT: realtimestt - DEBUG - _audio_data_worker writing audio data into queue.
2025-06-20 13:02:56.406 - RealTimeSTT: realtimestt - INFO - recording stopped
2025-06-20 13:02:56.408 - RealTimeSTT: realtimestt - INFO - Setting listen time
2025-06-20 13:02:56.408 - RealTimeSTT: realtimestt - DEBUG - No samples removed, final audio length: 18432
2025-06-20 13:02:56.408 - RealTimeSTT: realtimestt - INFO - State changed from 'recording' to 'inactive'
2025-06-20 13:02:56.458 - RealTimeSTT: realtimestt - INFO - State changed from 'inactive' to 'transcribing'
2025-06-20 13:02:56.459 - RealTimeSTT: realtimestt - DEBUG - Adding transcription request, no early transcription started
2025-06-20 13:02:56.459 - RealTimeSTT: realtimestt - DEBUG - Receive from parent_transcription_pipe after sendiung transcription request, transcribe_count: 1
2025-06-20 13:02:56.484 - RealTimeSTT: realtimestt - INFO - State changed from 'transcribing' to 'inactive'
2025-06-20 13:02:56.509 - RealTimeSTT: realtimestt - DEBUG - Model tiny completed transcription in 0.05 seconds
2025-06-20 13:02:57.019 - RealTimeSTT: realtimestt - DEBUG - _audio_data_worker writing audio data into queue.
2025-06-20 13:02:57.454 - RealTimeSTT: realtimestt - INFO - recording started
2025-06-20 13:02:57.455 - RealTimeSTT: realtimestt - INFO - State changed from 'inactive' to 'recording'
2025-06-20 13:02:58.043 - RealTimeSTT: realtimestt - DEBUG - _audio_data_worker writing audio data into queue.
2025-06-20 13:02:58.310 - RealTimeSTT: realtimestt - INFO - recording stopped
2025-06-20 13:02:58.311 - RealTimeSTT: realtimestt - INFO - Setting listen time
2025-06-20 13:02:58.311 - RealTimeSTT: realtimestt - DEBUG - No samples removed, final audio length: 14336
2025-06-20 13:02:58.311 - RealTimeSTT: realtimestt - INFO - State changed from 'recording' to 'inactive'
2025-06-20 13:02:58.358 - RealTimeSTT: realtimestt - INFO - State changed from 'inactive' to 'transcribing'
2025-06-20 13:02:58.358 - RealTimeSTT: realtimestt - DEBUG - Adding transcription request, no early transcription started
2025-06-20 13:02:58.358 - RealTimeSTT: realtimestt - DEBUG - Receive from parent_transcription_pipe after sendiung transcription request, transcribe_count: 1
2025-06-20 13:02:58.389 - RealTimeSTT: realtimestt - INFO - State changed from 'transcribing' to 'inactive'
2025-06-20 13:02:58.409 - RealTimeSTT: realtimestt - DEBUG - Model tiny completed transcription in 0.05 seconds
2025-06-20 13:02:58.959 - RealTimeSTT: realtimestt - INFO - recording started
2025-06-20 13:02:58.959 - RealTimeSTT: realtimestt - INFO - State changed from 'inactive' to 'recording'
2025-06-20 13:02:59.067 - RealTimeSTT: realtimestt - DEBUG - _audio_data_worker writing audio data into queue.
2025-06-20 13:02:59.534 - RealTimeSTT: realtimestt - INFO - recording stopped
2025-06-20 13:02:59.534 - RealTimeSTT: realtimestt - INFO - Setting listen time
2025-06-20 13:02:59.535 - RealTimeSTT: realtimestt - DEBUG - No samples removed, final audio length: 9216
2025-06-20 13:02:59.535 - RealTimeSTT: realtimestt - INFO - State changed from 'recording' to 'inactive'
2025-06-20 13:02:59.541 - RealTimeSTT: realtimestt - INFO - State changed from 'inactive' to 'transcribing'
2025-06-20 13:02:59.541 - RealTimeSTT: realtimestt - DEBUG - Adding transcription request, no early transcription started
2025-06-20 13:02:59.542 - RealTimeSTT: realtimestt - DEBUG - Receive from parent_transcription_pipe after sendiung transcription request, transcribe_count: 1
2025-06-20 13:02:59.568 - RealTimeSTT: realtimestt - INFO - State changed from 'transcribing' to 'inactive'
2025-06-20 13:02:59.592 - RealTimeSTT: realtimestt - DEBUG - Model tiny completed transcription in 0.05 seconds
2025-06-20 13:03:00.091 - RealTimeSTT: realtimestt - DEBUG - _audio_data_worker writing audio data into queue.
2025-06-20 13:03:00.366 - RealTimeSTT: realtimestt - INFO - recording started
2025-06-20 13:03:00.367 - RealTimeSTT: realtimestt - INFO - State changed from 'inactive' to 'recording'
2025-06-20 13:03:01.006 - RealTimeSTT: realtimestt - INFO - recording stopped
2025-06-20 13:03:01.007 - RealTimeSTT: realtimestt - INFO - Setting listen time
2025-06-20 13:03:01.007 - RealTimeSTT: realtimestt - DEBUG - No samples removed, final audio length: 10240
2025-06-20 13:03:01.007 - RealTimeSTT: realtimestt - INFO - State changed from 'recording' to 'inactive'
2025-06-20 13:03:01.069 - RealTimeSTT: realtimestt - INFO - State changed from 'inactive' to 'transcribing'
2025-06-20 13:03:01.070 - RealTimeSTT: realtimestt - DEBUG - Adding transcription request, no early transcription started
2025-06-20 13:03:01.071 - RealTimeSTT: realtimestt - DEBUG - Receive from parent_transcription_pipe after sendiung transcription request, transcribe_count: 1
2025-06-20 13:03:01.095 - RealTimeSTT: realtimestt - INFO - State changed from 'transcribing' to 'inactive'
2025-06-20 13:03:01.115 - RealTimeSTT: realtimestt - DEBUG - _audio_data_worker writing audio data into queue.
2025-06-20 13:03:01.121 - RealTimeSTT: realtimestt - DEBUG - Model tiny completed transcription in 0.05 seconds
2025-06-20 13:03:02.139 - RealTimeSTT: realtimestt - DEBUG - _audio_data_worker writing audio data into queue.
2025-06-20 13:03:02.263 - RealTimeSTT: realtimestt - INFO - recording started
2025-06-20 13:03:02.263 - RealTimeSTT: realtimestt - INFO - State changed from 'inactive' to 'recording'
2025-06-20 13:03:02.822 - RealTimeSTT: realtimestt - INFO - recording stopped
2025-06-20 13:03:02.823 - RealTimeSTT: realtimestt - INFO - Setting listen time
2025-06-20 13:03:02.823 - RealTimeSTT: realtimestt - DEBUG - No samples removed, final audio length: 9216
2025-06-20 13:03:02.823 - RealTimeSTT: realtimestt - INFO - State changed from 'recording' to 'inactive'
2025-06-20 13:03:02.865 - RealTimeSTT: realtimestt - INFO - State changed from 'inactive' to 'transcribing'
2025-06-20 13:03:02.866 - RealTimeSTT: realtimestt - DEBUG - Adding transcription request, no early transcription started
2025-06-20 13:03:02.867 - RealTimeSTT: realtimestt - DEBUG - Receive from parent_transcription_pipe after sendiung transcription request, transcribe_count: 1
2025-06-20 13:03:02.889 - RealTimeSTT: realtimestt - INFO - State changed from 'transcribing' to 'inactive'
2025-06-20 13:03:02.917 - RealTimeSTT: realtimestt - DEBUG - Model tiny completed transcription in 0.05 seconds
2025-06-20 13:03:03.163 - RealTimeSTT: realtimestt - DEBUG - _audio_data_worker writing audio data into queue.
2025-06-20 13:03:03.559 - RealTimeSTT: realtimestt - INFO - recording started
2025-06-20 13:03:03.559 - RealTimeSTT: realtimestt - INFO - State changed from 'inactive' to 'recording'
2025-06-20 13:03:04.187 - RealTimeSTT: realtimestt - DEBUG - _audio_data_worker writing audio data into queue.
2025-06-20 13:03:04.222 - RealTimeSTT: realtimestt - INFO - recording stopped
2025-06-20 13:03:04.223 - RealTimeSTT: realtimestt - INFO - Setting listen time
2025-06-20 13:03:04.223 - RealTimeSTT: realtimestt - DEBUG - No samples removed, final audio length: 10240
2025-06-20 13:03:04.223 - RealTimeSTT: realtimestt - INFO - State changed from 'recording' to 'inactive'
2025-06-20 13:03:04.261 - RealTimeSTT: realtimestt - INFO - State changed from 'inactive' to 'transcribing'
2025-06-20 13:03:04.262 - RealTimeSTT: realtimestt - DEBUG - Adding transcription request, no early transcription started
2025-06-20 13:03:04.262 - RealTimeSTT: realtimestt - DEBUG - Receive from parent_transcription_pipe after sendiung transcription request, transcribe_count: 1
2025-06-20 13:03:04.288 - RealTimeSTT: realtimestt - INFO - State changed from 'transcribing' to 'inactive'
2025-06-20 13:03:04.342 - RealTimeSTT: realtimestt - DEBUG - Model tiny completed transcription in 0.08 seconds
2025-06-20 13:03:05.031 - RealTimeSTT: realtimestt - INFO - recording started
2025-06-20 13:03:05.031 - RealTimeSTT: realtimestt - INFO - State changed from 'inactive' to 'recording'
2025-06-20 13:03:05.211 - RealTimeSTT: realtimestt - DEBUG - _audio_data_worker writing audio data into queue.
2025-06-20 13:03:05.694 - RealTimeSTT: realtimestt - INFO - recording stopped
2025-06-20 13:03:05.694 - RealTimeSTT: realtimestt - INFO - Setting listen time
2025-06-20 13:03:05.695 - RealTimeSTT: realtimestt - DEBUG - No samples removed, final audio length: 10240
2025-06-20 13:03:05.695 - RealTimeSTT: realtimestt - INFO - State changed from 'recording' to 'inactive'
2025-06-20 13:03:05.733 - RealTimeSTT: realtimestt - INFO - State changed from 'inactive' to 'transcribing'
2025-06-20 13:03:05.734 - RealTimeSTT: realtimestt - DEBUG - Adding transcription request, no early transcription started
2025-06-20 13:03:05.734 - RealTimeSTT: realtimestt - DEBUG - Receive from parent_transcription_pipe after sendiung transcription request, transcribe_count: 1
2025-06-20 13:03:05.768 - RealTimeSTT: realtimestt - INFO - State changed from 'transcribing' to 'inactive'
2025-06-20 13:03:05.785 - RealTimeSTT: realtimestt - DEBUG - Model tiny completed transcription in 0.05 seconds
2025-06-20 13:03:06.175 - RealTimeSTT: realtimestt - INFO - recording started
2025-06-20 13:03:06.175 - RealTimeSTT: realtimestt - INFO - State changed from 'inactive' to 'recording'
2025-06-20 13:03:06.235 - RealTimeSTT: realtimestt - DEBUG - _audio_data_worker writing audio data into queue.
2025-06-20 13:03:06.822 - RealTimeSTT: realtimestt - INFO - recording stopped
2025-06-20 13:03:06.823 - RealTimeSTT: realtimestt - INFO - Setting listen time
2025-06-20 13:03:06.823 - RealTimeSTT: realtimestt - DEBUG - No samples removed, final audio length: 10240
2025-06-20 13:03:06.823 - RealTimeSTT: realtimestt - INFO - State changed from 'recording' to 'inactive'
2025-06-20 13:03:06.877 - RealTimeSTT: realtimestt - INFO - State changed from 'inactive' to 'transcribing'
2025-06-20 13:03:06.878 - RealTimeSTT: realtimestt - DEBUG - Adding transcription request, no early transcription started
2025-06-20 13:03:06.879 - RealTimeSTT: realtimestt - DEBUG - Receive from parent_transcription_pipe after sendiung transcription request, transcribe_count: 1
2025-06-20 13:03:06.918 - RealTimeSTT: realtimestt - INFO - State changed from 'transcribing' to 'inactive'
2025-06-20 13:03:06.929 - RealTimeSTT: realtimestt - DEBUG - Model tiny completed transcription in 0.05 seconds
2025-06-20 13:03:07.259 - RealTimeSTT: realtimestt - DEBUG - _audio_data_worker writing audio data into queue.
2025-06-20 13:03:07.527 - RealTimeSTT: realtimestt - INFO - recording started
2025-06-20 13:03:07.527 - RealTimeSTT: realtimestt - INFO - State changed from 'inactive' to 'recording'
2025-06-20 13:03:08.102 - RealTimeSTT: realtimestt - INFO - recording stopped
2025-06-20 13:03:08.103 - RealTimeSTT: realtimestt - INFO - Setting listen time
2025-06-20 13:03:08.103 - RealTimeSTT: realtimestt - DEBUG - No samples removed, final audio length: 9216
2025-06-20 13:03:08.103 - RealTimeSTT: realtimestt - INFO - State changed from 'recording' to 'inactive'
2025-06-20 13:03:08.128 - RealTimeSTT: realtimestt - INFO - State changed from 'inactive' to 'transcribing'
2025-06-20 13:03:08.129 - RealTimeSTT: realtimestt - DEBUG - Adding transcription request, no early transcription started
2025-06-20 13:03:08.129 - RealTimeSTT: realtimestt - DEBUG - Receive from parent_transcription_pipe after sendiung transcription request, transcribe_count: 1
2025-06-20 13:03:08.159 - RealTimeSTT: realtimestt - INFO - State changed from 'transcribing' to 'inactive'
2025-06-20 13:03:08.180 - RealTimeSTT: realtimestt - DEBUG - Model tiny completed transcription in 0.05 seconds
2025-06-20 13:03:08.283 - RealTimeSTT: realtimestt - DEBUG - _audio_data_worker writing audio data into queue.
2025-06-20 13:03:09.307 - RealTimeSTT: realtimestt - DEBUG - _audio_data_worker writing audio data into queue.
2025-06-20 13:03:10.331 - RealTimeSTT: realtimestt - DEBUG - _audio_data_worker writing audio data into queue.
2025-06-20 13:03:11.355 - RealTimeSTT: realtimestt - DEBUG - _audio_data_worker writing audio data into queue.
2025-06-20 13:03:12.379 - RealTimeSTT: realtimestt - DEBUG - _audio_data_worker writing audio data into queue.
2025-06-20 13:03:13.403 - RealTimeSTT: realtimestt - DEBUG - _audio_data_worker writing audio data into queue.
2025-06-20 13:03:14.427 - RealTimeSTT: realtimestt - DEBUG - _audio_data_worker writing audio data into queue.
2025-06-20 13:03:15.451 - RealTimeSTT: realtimestt - DEBUG - _audio_data_worker writing audio data into queue.
2025-06-20 13:03:16.475 - RealTimeSTT: realtimestt - DEBUG - _audio_data_worker writing audio data into queue.
2025-06-20 13:03:17.499 - RealTimeSTT: realtimestt - DEBUG - _audio_data_worker writing audio data into queue.
2025-06-20 13:03:18.523 - RealTimeSTT: realtimestt - DEBUG - _audio_data_worker writing audio data into queue.
2025-06-20 13:03:19.547 - RealTimeSTT: realtimestt - DEBUG - _audio_data_worker writing audio data into queue.
